[DEBUG] 2019-04-13 23:48:32,905 [org.apache.ibatis.logging.LogFactory:org.apache.ibatis.logging.LogFactory.setImplementation(LogFactory.java:105)] Logging initialized using 'class org.apache.ibatis.logging.log4j.Log4jImpl' adapter.
[DEBUG] 2019-04-13 23:48:32,920 [org.apache.ibatis.datasource.pooled.PooledDataSource:org.apache.ibatis.datasource.pooled.PooledDataSource.forceCloseAll(PooledDataSource.java:334)] PooledDataSource forcefully closed/removed all connections.
[DEBUG] 2019-04-13 23:48:32,921 [org.apache.ibatis.datasource.pooled.PooledDataSource:org.apache.ibatis.datasource.pooled.PooledDataSource.forceCloseAll(PooledDataSource.java:334)] PooledDataSource forcefully closed/removed all connections.
[DEBUG] 2019-04-13 23:48:32,921 [org.apache.ibatis.datasource.pooled.PooledDataSource:org.apache.ibatis.datasource.pooled.PooledDataSource.forceCloseAll(PooledDataSource.java:334)] PooledDataSource forcefully closed/removed all connections.
[DEBUG] 2019-04-13 23:48:32,922 [org.apache.ibatis.datasource.pooled.PooledDataSource:org.apache.ibatis.datasource.pooled.PooledDataSource.forceCloseAll(PooledDataSource.java:334)] PooledDataSource forcefully closed/removed all connections.
[DEBUG] 2019-04-13 23:48:33,046 [org.apache.ibatis.transaction.jdbc.JdbcTransaction:org.apache.ibatis.transaction.jdbc.JdbcTransaction.openConnection(JdbcTransaction.java:136)] Opening JDBC Connection
[DEBUG] 2019-04-13 23:48:33,286 [org.apache.ibatis.datasource.pooled.PooledDataSource:org.apache.ibatis.datasource.pooled.PooledDataSource.popConnection(PooledDataSource.java:405)] Created connection 1586845078.
[DEBUG] 2019-04-13 23:48:33,287 [org.apache.ibatis.transaction.jdbc.JdbcTransaction:org.apache.ibatis.transaction.jdbc.JdbcTransaction.setDesiredAutoCommit(JdbcTransaction.java:100)] Setting autocommit to false on JDBC Connection [com.mysql.jdbc.JDBC4Connection@5e955596]
[DEBUG] 2019-04-13 23:48:33,293 [edu.zut.cs.software.mybatis.dao.EmployeeMapper.getEmpById:org.apache.ibatis.logging.jdbc.BaseJdbcLogger.debug(BaseJdbcLogger.java:143)] ==>  Preparing: select id,last_name lastName,gender,email from tbl_employee where id = ? 
[DEBUG] 2019-04-13 23:48:33,330 [edu.zut.cs.software.mybatis.dao.EmployeeMapper.getEmpById:org.apache.ibatis.logging.jdbc.BaseJdbcLogger.debug(BaseJdbcLogger.java:143)] ==> Parameters: 1(Integer)
[DEBUG] 2019-04-13 23:48:33,353 [edu.zut.cs.software.mybatis.dao.EmployeeMapper.getEmpById:org.apache.ibatis.logging.jdbc.BaseJdbcLogger.debug(BaseJdbcLogger.java:143)] <==      Total: 1
[DEBUG] 2019-04-13 23:48:33,354 [org.apache.ibatis.transaction.jdbc.JdbcTransaction:org.apache.ibatis.transaction.jdbc.JdbcTransaction.resetAutoCommit(JdbcTransaction.java:122)] Resetting autocommit to true on JDBC Connection [com.mysql.jdbc.JDBC4Connection@5e955596]
[DEBUG] 2019-04-13 23:48:33,355 [org.apache.ibatis.transaction.jdbc.JdbcTransaction:org.apache.ibatis.transaction.jdbc.JdbcTransaction.close(JdbcTransaction.java:90)] Closing JDBC Connection [com.mysql.jdbc.JDBC4Connection@5e955596]
[DEBUG] 2019-04-13 23:48:33,355 [org.apache.ibatis.datasource.pooled.PooledDataSource:org.apache.ibatis.datasource.pooled.PooledDataSource.pushConnection(PooledDataSource.java:362)] Returned connection 1586845078 to pool.
[DEBUG] 2019-04-13 23:49:23,923 [org.apache.ibatis.logging.LogFactory:org.apache.ibatis.logging.LogFactory.setImplementation(LogFactory.java:105)] Logging initialized using 'class org.apache.ibatis.logging.log4j.Log4jImpl' adapter.
[DEBUG] 2019-04-13 23:49:23,940 [org.apache.ibatis.datasource.pooled.PooledDataSource:org.apache.ibatis.datasource.pooled.PooledDataSource.forceCloseAll(PooledDataSource.java:334)] PooledDataSource forcefully closed/removed all connections.
[DEBUG] 2019-04-13 23:49:23,940 [org.apache.ibatis.datasource.pooled.PooledDataSource:org.apache.ibatis.datasource.pooled.PooledDataSource.forceCloseAll(PooledDataSource.java:334)] PooledDataSource forcefully closed/removed all connections.
[DEBUG] 2019-04-13 23:49:23,940 [org.apache.ibatis.datasource.pooled.PooledDataSource:org.apache.ibatis.datasource.pooled.PooledDataSource.forceCloseAll(PooledDataSource.java:334)] PooledDataSource forcefully closed/removed all connections.
[DEBUG] 2019-04-13 23:49:23,940 [org.apache.ibatis.datasource.pooled.PooledDataSource:org.apache.ibatis.datasource.pooled.PooledDataSource.forceCloseAll(PooledDataSource.java:334)] PooledDataSource forcefully closed/removed all connections.
[DEBUG] 2019-04-13 23:49:24,022 [org.apache.ibatis.transaction.jdbc.JdbcTransaction:org.apache.ibatis.transaction.jdbc.JdbcTransaction.openConnection(JdbcTransaction.java:136)] Opening JDBC Connection
[DEBUG] 2019-04-13 23:49:24,267 [org.apache.ibatis.datasource.pooled.PooledDataSource:org.apache.ibatis.datasource.pooled.PooledDataSource.popConnection(PooledDataSource.java:405)] Created connection 1586845078.
[DEBUG] 2019-04-13 23:49:24,267 [org.apache.ibatis.transaction.jdbc.JdbcTransaction:org.apache.ibatis.transaction.jdbc.JdbcTransaction.setDesiredAutoCommit(JdbcTransaction.java:100)] Setting autocommit to false on JDBC Connection [com.mysql.jdbc.JDBC4Connection@5e955596]
[DEBUG] 2019-04-13 23:49:24,272 [edu.zut.cs.software.mybatis.dao.EmployeeMapper.getEmpById:org.apache.ibatis.logging.jdbc.BaseJdbcLogger.debug(BaseJdbcLogger.java:143)] ==>  Preparing: select id,last_name lastName,gender,email from tbl_employee where id = ? 
[DEBUG] 2019-04-13 23:49:24,301 [edu.zut.cs.software.mybatis.dao.EmployeeMapper.getEmpById:org.apache.ibatis.logging.jdbc.BaseJdbcLogger.debug(BaseJdbcLogger.java:143)] ==> Parameters: 1(Integer)
[DEBUG] 2019-04-13 23:49:24,323 [edu.zut.cs.software.mybatis.dao.EmployeeMapper.getEmpById:org.apache.ibatis.logging.jdbc.BaseJdbcLogger.debug(BaseJdbcLogger.java:143)] <==      Total: 1
[DEBUG] 2019-04-13 23:49:24,324 [org.apache.ibatis.transaction.jdbc.JdbcTransaction:org.apache.ibatis.transaction.jdbc.JdbcTransaction.resetAutoCommit(JdbcTransaction.java:122)] Resetting autocommit to true on JDBC Connection [com.mysql.jdbc.JDBC4Connection@5e955596]
[DEBUG] 2019-04-13 23:49:24,324 [org.apache.ibatis.transaction.jdbc.JdbcTransaction:org.apache.ibatis.transaction.jdbc.JdbcTransaction.close(JdbcTransaction.java:90)] Closing JDBC Connection [com.mysql.jdbc.JDBC4Connection@5e955596]
[DEBUG] 2019-04-13 23:49:24,325 [org.apache.ibatis.datasource.pooled.PooledDataSource:org.apache.ibatis.datasource.pooled.PooledDataSource.pushConnection(PooledDataSource.java:362)] Returned connection 1586845078 to pool.
