2019-04-21 11:00:37,814 [Worker-4] INFO  o.e.m.c.i.l.LifecycleMappingFactory - Using org.eclipse.m2e.jdt.JarLifecycleMapping lifecycle mapping for MavenProject: com.zcw.maven:JavaProject01:0.0.1-SNAPSHOT @ D:\JAVA\仓库\OSALS\201708044206张成文\JavaProject01\pom.xml.
2019-04-21 11:00:38,391 [Worker-4] INFO  o.e.m.j.i.AbstractJavaProjectConfigurator - Adding source folder /JavaProject01/src/main/java
2019-04-21 11:00:38,392 [Worker-4] INFO  o.e.m.j.i.AbstractJavaProjectConfigurator - Adding resource folder /JavaProject01/src/main/resources
2019-04-21 11:00:38,393 [Worker-4] INFO  o.e.m.j.i.AbstractJavaProjectConfigurator - Adding source folder /JavaProject01/src/test/java
2019-04-21 11:00:38,393 [Worker-4] INFO  o.e.m.j.i.AbstractJavaProjectConfigurator - Adding resource folder /JavaProject01/src/test/resources
2019-04-21 11:00:39,270 [Worker-0] WARN  o.e.m.c.i.embedder.EclipseLogger - Using platform encoding (GBK actually) to copy filtered resources, i.e. build is platform dependent!
2019-04-21 11:00:39,278 [Worker-0] INFO  o.e.m.c.i.embedder.EclipseLogger - Copying 0 resource
2019-04-21 11:00:39,279 [Worker-0] WARN  o.e.m.c.i.embedder.EclipseLogger - Using platform encoding (GBK actually) to copy filtered resources, i.e. build is platform dependent!
2019-04-21 11:00:39,280 [Worker-0] INFO  o.e.m.c.i.embedder.EclipseLogger - Copying 0 resource
2019-04-21 11:02:25,091 [Worker-5] INFO  o.e.m.c.i.l.LifecycleMappingFactory - Using org.eclipse.m2e.jdt.JarLifecycleMapping lifecycle mapping for MavenProject: com.zcw:mvn_command:0.0.1-SNAPSHOT @ D:\JAVA\仓库\OSALS\201708044206张成文\mvn_command\mvn_command\pom.xml.
2019-04-21 11:02:25,326 [Worker-5] INFO  o.e.m.c.i.embedder.EclipseLogger - Using 'UTF-8' encoding to copy filtered resources.
2019-04-21 11:02:25,326 [Worker-5] INFO  o.e.m.c.i.embedder.EclipseLogger - Copying 0 resource
2019-04-21 11:02:25,327 [Worker-5] INFO  o.e.m.c.i.embedder.EclipseLogger - Using 'UTF-8' encoding to copy filtered resources.
2019-04-21 11:02:25,327 [Worker-5] INFO  o.e.m.c.i.embedder.EclipseLogger - skip non existing resourceDirectory D:\JAVA\仓库\OSALS\201708044206张成文\mvn_command\mvn_command\src\test\resources
2019-04-21 11:02:26,429 [Worker-10] INFO  o.e.m.c.i.embedder.EclipseLogger - Using 'UTF-8' encoding to copy filtered resources.
2019-04-21 11:02:26,431 [Worker-10] INFO  o.e.m.c.i.embedder.EclipseLogger - Copying 0 resource
2019-04-21 11:02:26,431 [Worker-10] INFO  o.e.m.c.i.embedder.EclipseLogger - Using 'UTF-8' encoding to copy filtered resources.
2019-04-21 11:02:26,431 [Worker-10] INFO  o.e.m.c.i.embedder.EclipseLogger - skip non existing resourceDirectory D:\JAVA\仓库\OSALS\201708044206张成文\mvn_command\mvn_command\src\test\resources
2019-04-21 11:04:27,729 [Worker-5] INFO  o.e.m.c.i.l.LifecycleMappingFactory - Using org.eclipse.m2e.jdt.JarLifecycleMapping lifecycle mapping for MavenProject: com.zcw:HelloFriend:0.0.1-SNAPSHOT @ D:\JAVA\仓库\OSALS\201708044206张成文\HelloFriend\pom.xml.
2019-04-21 11:04:27,904 [Worker-5] INFO  o.e.m.j.i.AbstractJavaProjectConfigurator - Adding source folder /HelloFriend/src/main/java
2019-04-21 11:04:27,904 [Worker-5] INFO  o.e.m.j.i.AbstractJavaProjectConfigurator - Adding source folder /HelloFriend/src/test/java
2019-04-21 11:04:27,927 [Worker-5] INFO  o.e.m.c.i.p.ProjectConfigurationManager - Imported and configured 1 project(s) in 0 sec
2019-04-21 11:04:28,190 [Worker-6] INFO  o.e.m.c.i.embedder.EclipseLogger - Using 'UTF-8' encoding to copy filtered resources.
2019-04-21 11:04:28,191 [Worker-6] INFO  o.e.m.c.i.embedder.EclipseLogger - skip non existing resourceDirectory D:\JAVA\仓库\OSALS\201708044206张成文\HelloFriend\src\main\resources
2019-04-21 11:04:28,191 [Worker-6] INFO  o.e.m.c.i.embedder.EclipseLogger - Using 'UTF-8' encoding to copy filtered resources.
2019-04-21 11:04:28,191 [Worker-6] INFO  o.e.m.c.i.embedder.EclipseLogger - skip non existing resourceDirectory D:\JAVA\仓库\OSALS\201708044206张成文\HelloFriend\src\test\resources
2019-04-21 11:05:34,286 [Worker-16] INFO  o.e.m.c.i.l.LifecycleMappingFactory - Using org.eclipse.m2e.jdt.JarLifecycleMapping lifecycle mapping for MavenProject: com.zcw.maven:JavaProject02:0.0.1-SNAPSHOT @ D:\JAVA\仓库\OSALS\201708044206张成文\JavaProject02\pom.xml.
2019-04-21 11:05:34,761 [Worker-16] INFO  o.e.m.j.i.AbstractJavaProjectConfigurator - Adding source folder /JavaProject02/src/main/java
2019-04-21 11:05:34,762 [Worker-16] INFO  o.e.m.j.i.AbstractJavaProjectConfigurator - Adding resource folder /JavaProject02/src/main/resources
2019-04-21 11:05:34,762 [Worker-16] INFO  o.e.m.j.i.AbstractJavaProjectConfigurator - Adding source folder /JavaProject02/src/test/java
2019-04-21 11:05:34,762 [Worker-16] INFO  o.e.m.j.i.AbstractJavaProjectConfigurator - Adding resource folder /JavaProject02/src/test/resources
2019-04-21 11:05:35,107 [Worker-2] WARN  o.e.m.c.i.embedder.EclipseLogger - Using platform encoding (GBK actually) to copy filtered resources, i.e. build is platform dependent!
2019-04-21 11:05:35,108 [Worker-2] INFO  o.e.m.c.i.embedder.EclipseLogger - Copying 0 resource
2019-04-21 11:05:35,109 [Worker-2] WARN  o.e.m.c.i.embedder.EclipseLogger - Using platform encoding (GBK actually) to copy filtered resources, i.e. build is platform dependent!
2019-04-21 11:05:35,110 [Worker-2] INFO  o.e.m.c.i.embedder.EclipseLogger - Copying 0 resource
2019-04-21 11:06:29,366 [Worker-2] INFO  o.e.m.c.i.l.LifecycleMappingFactory - Using org.eclipse.m2e.jdt.JarLifecycleMapping lifecycle mapping for MavenProject: com.zcw:mvn_command:0.0.1-SNAPSHOT @ D:\JAVA\仓库\OSALS\201708044206张成文\mvn_command\mvn_command\pom.xml.
2019-04-21 11:06:29,394 [Worker-2] INFO  o.e.m.c.i.l.LifecycleMappingFactory - Using org.eclipse.m2e.jdt.JarLifecycleMapping lifecycle mapping for MavenProject: com.zcw:HelloFriend:0.0.1-SNAPSHOT @ D:\JAVA\仓库\OSALS\201708044206张成文\HelloFriend\pom.xml.
2019-04-21 11:06:30,373 [Worker-2] INFO  o.e.m.c.i.embedder.EclipseLogger - Using 'UTF-8' encoding to copy filtered resources.
2019-04-21 11:06:30,374 [Worker-2] INFO  o.e.m.c.i.embedder.EclipseLogger - Copying 0 resource
2019-04-21 11:06:30,376 [Worker-2] INFO  o.e.m.c.i.embedder.EclipseLogger - Using 'UTF-8' encoding to copy filtered resources.
2019-04-21 11:06:30,376 [Worker-2] INFO  o.e.m.c.i.embedder.EclipseLogger - skip non existing resourceDirectory D:\JAVA\仓库\OSALS\201708044206张成文\mvn_command\mvn_command\src\test\resources
2019-04-21 11:06:30,631 [Worker-2] INFO  o.e.m.c.i.embedder.EclipseLogger - Using 'UTF-8' encoding to copy filtered resources.
2019-04-21 11:06:30,631 [Worker-2] INFO  o.e.m.c.i.embedder.EclipseLogger - skip non existing resourceDirectory D:\JAVA\仓库\OSALS\201708044206张成文\HelloFriend\src\main\resources
2019-04-21 11:06:30,632 [Worker-2] INFO  o.e.m.c.i.embedder.EclipseLogger - Using 'UTF-8' encoding to copy filtered resources.
2019-04-21 11:06:30,632 [Worker-2] INFO  o.e.m.c.i.embedder.EclipseLogger - skip non existing resourceDirectory D:\JAVA\仓库\OSALS\201708044206张成文\HelloFriend\src\test\resources
2019-04-21 11:06:56,186 [Worker-17] INFO  o.e.m.c.i.l.LifecycleMappingFactory - Using org.eclipse.m2e.jdt.JarLifecycleMapping lifecycle mapping for MavenProject: com.zcw.maven:JavaProject01:0.0.1-SNAPSHOT @ D:\JAVA\仓库\OSALS\201708044206张成文\JavaProject01\pom.xml.
2019-04-21 11:06:56,416 [Worker-17] INFO  o.e.m.j.i.AbstractJavaProjectConfigurator - Adding source folder /JavaProject01/src/main/java
2019-04-21 11:06:56,416 [Worker-17] INFO  o.e.m.j.i.AbstractJavaProjectConfigurator - Adding resource folder /JavaProject01/src/main/resources
2019-04-21 11:06:56,416 [Worker-17] INFO  o.e.m.j.i.AbstractJavaProjectConfigurator - Adding source folder /JavaProject01/src/test/java
2019-04-21 11:06:56,416 [Worker-17] INFO  o.e.m.j.i.AbstractJavaProjectConfigurator - Adding resource folder /JavaProject01/src/test/resources
2019-04-21 11:06:56,677 [Worker-6] WARN  o.e.m.c.i.embedder.EclipseLogger - Using platform encoding (GBK actually) to copy filtered resources, i.e. build is platform dependent!
2019-04-21 11:06:56,678 [Worker-6] INFO  o.e.m.c.i.embedder.EclipseLogger - Copying 0 resource
2019-04-21 11:06:56,679 [Worker-6] WARN  o.e.m.c.i.embedder.EclipseLogger - Using platform encoding (GBK actually) to copy filtered resources, i.e. build is platform dependent!
2019-04-21 11:06:56,680 [Worker-6] INFO  o.e.m.c.i.embedder.EclipseLogger - Copying 0 resource
2019-04-21 11:09:16,399 [Worker-2] WARN  o.e.m.c.i.embedder.EclipseLogger - Using platform encoding (GBK actually) to copy filtered resources, i.e. build is platform dependent!
2019-04-21 11:09:16,400 [Worker-2] INFO  o.e.m.c.i.embedder.EclipseLogger - Copying 0 resource
2019-04-21 11:09:16,401 [Worker-2] WARN  o.e.m.c.i.embedder.EclipseLogger - Using platform encoding (GBK actually) to copy filtered resources, i.e. build is platform dependent!
2019-04-21 11:09:16,401 [Worker-2] INFO  o.e.m.c.i.embedder.EclipseLogger - Copying 0 resource
2019-04-21 11:09:50,006 [main] INFO  o.e.m2e.actions.ExecutePomAction - Creating new launch configuration
2019-04-21 11:10:13,086 [Worker-2] INFO  o.e.m.i.launch.MavenLaunchDelegate - D:\JAVA\仓库\OSALS\201708044206张成文\JavaProject01
2019-04-21 11:10:13,087 [Worker-2] INFO  o.e.m.i.launch.MavenLaunchDelegate -  mvn  -B -s D:\JAVA\apache-maven-3.6.1\conf\settings.xml compile
2019-04-21 11:13:25,836 [Worker-13] INFO  o.e.m.c.i.l.LifecycleMappingFactory - Using org.eclipse.m2e.jdt.JarLifecycleMapping lifecycle mapping for MavenProject: com.zcw.maven:JavaProject01:0.0.1-SNAPSHOT @ D:\JAVA\仓库\OSALS\201708044206张成文\JavaProject01\pom.xml.
2019-04-21 11:13:26,329 [Worker-13] INFO  o.e.m.c.i.embedder.EclipseLogger - Using 'UTF-8' encoding to copy filtered resources.
2019-04-21 11:13:26,329 [Worker-13] INFO  o.e.m.c.i.embedder.EclipseLogger - Copying 0 resource
2019-04-21 11:13:26,330 [Worker-13] INFO  o.e.m.c.i.embedder.EclipseLogger - Using 'UTF-8' encoding to copy filtered resources.
2019-04-21 11:13:26,330 [Worker-13] INFO  o.e.m.c.i.embedder.EclipseLogger - Copying 0 resource
2019-04-21 11:13:27,506 [Worker-2] INFO  o.e.m.c.i.embedder.EclipseLogger - Using 'UTF-8' encoding to copy filtered resources.
2019-04-21 11:13:27,506 [Worker-2] INFO  o.e.m.c.i.embedder.EclipseLogger - Copying 0 resource
2019-04-21 11:13:27,506 [Worker-2] INFO  o.e.m.c.i.embedder.EclipseLogger - Using 'UTF-8' encoding to copy filtered resources.
2019-04-21 11:13:27,507 [Worker-2] INFO  o.e.m.c.i.embedder.EclipseLogger - Copying 0 resource
2019-04-21 11:13:54,738 [main] INFO  o.e.m2e.actions.ExecutePomAction - Creating new launch configuration
2019-04-21 11:14:01,165 [Worker-17] INFO  o.e.m.i.launch.MavenLaunchDelegate - D:\JAVA\仓库\OSALS\201708044206张成文\JavaProject01
2019-04-21 11:14:01,165 [Worker-17] INFO  o.e.m.i.launch.MavenLaunchDelegate -  mvn  -B -s D:\JAVA\apache-maven-3.6.1\conf\settings.xml compile
2019-04-21 11:14:22,886 [Worker-17] INFO  o.e.m.c.i.embedder.EclipseLogger - Using 'UTF-8' encoding to copy filtered resources.
2019-04-21 11:14:22,886 [Worker-17] INFO  o.e.m.c.i.embedder.EclipseLogger - Copying 0 resource
2019-04-21 11:14:22,887 [Worker-17] INFO  o.e.m.c.i.embedder.EclipseLogger - Using 'UTF-8' encoding to copy filtered resources.
2019-04-21 11:14:22,887 [Worker-17] INFO  o.e.m.c.i.embedder.EclipseLogger - Copying 0 resource
2019-04-21 11:18:32,875 [Worker-21] INFO  o.e.m.c.i.l.LifecycleMappingFactory - Using org.maven.ide.eclipse.wtp.WarLifecycleMapping lifecycle mapping for MavenProject: com.zcw.web:WebProjct02:0.0.1-SNAPSHOT @ D:\JAVA\仓库\OSALS\201708044206张成文\WebProjct02\pom.xml.
2019-04-21 11:18:33,326 [Worker-21] INFO  o.e.m.j.i.AbstractJavaProjectConfigurator - Adding source folder /WebProjct02/src/main/java
2019-04-21 11:18:33,326 [Worker-21] INFO  o.e.m.j.i.AbstractJavaProjectConfigurator - Adding resource folder /WebProjct02/src/main/resources
2019-04-21 11:18:33,326 [Worker-21] INFO  o.e.m.j.i.AbstractJavaProjectConfigurator - Adding source folder /WebProjct02/src/test/java
2019-04-21 11:18:33,326 [Worker-21] INFO  o.e.m.j.i.AbstractJavaProjectConfigurator - Adding resource folder /WebProjct02/src/test/resources
2019-04-21 11:18:34,014 [Worker-13] WARN  o.e.m.c.i.embedder.EclipseLogger - Using platform encoding (GBK actually) to copy filtered resources, i.e. build is platform dependent!
2019-04-21 11:18:34,015 [Worker-13] INFO  o.e.m.c.i.embedder.EclipseLogger - Copying 0 resource
2019-04-21 11:18:34,017 [Worker-13] WARN  o.e.m.c.i.embedder.EclipseLogger - Using platform encoding (GBK actually) to copy filtered resources, i.e. build is platform dependent!
2019-04-21 11:18:34,018 [Worker-13] INFO  o.e.m.c.i.embedder.EclipseLogger - Copying 0 resource
2019-04-21 11:18:35,201 [Worker-24] WARN  o.e.m.c.i.embedder.EclipseLogger - Using platform encoding (GBK actually) to copy filtered resources, i.e. build is platform dependent!
2019-04-21 11:18:35,202 [Worker-24] INFO  o.e.m.c.i.embedder.EclipseLogger - Copying 0 resource
2019-04-21 11:18:35,202 [Worker-24] WARN  o.e.m.c.i.embedder.EclipseLogger - Using platform encoding (GBK actually) to copy filtered resources, i.e. build is platform dependent!
2019-04-21 11:18:35,203 [Worker-24] INFO  o.e.m.c.i.embedder.EclipseLogger - Copying 0 resource
2019-04-21 11:19:47,266 [Worker-21] WARN  o.e.m.c.i.embedder.EclipseLogger - Using platform encoding (GBK actually) to copy filtered resources, i.e. build is platform dependent!
2019-04-21 11:19:47,266 [Worker-21] INFO  o.e.m.c.i.embedder.EclipseLogger - Copying 0 resource
2019-04-21 11:19:47,267 [Worker-21] WARN  o.e.m.c.i.embedder.EclipseLogger - Using platform encoding (GBK actually) to copy filtered resources, i.e. build is platform dependent!
2019-04-21 11:19:47,267 [Worker-21] INFO  o.e.m.c.i.embedder.EclipseLogger - Copying 0 resource
2019-04-21 11:21:46,896 [Worker-23] WARN  o.e.m.c.i.embedder.EclipseLogger - Using platform encoding (GBK actually) to copy filtered resources, i.e. build is platform dependent!
2019-04-21 11:21:46,897 [Worker-23] INFO  o.e.m.c.i.embedder.EclipseLogger - Copying 0 resource
2019-04-21 11:21:46,897 [Worker-23] WARN  o.e.m.c.i.embedder.EclipseLogger - Using platform encoding (GBK actually) to copy filtered resources, i.e. build is platform dependent!
2019-04-21 11:21:46,898 [Worker-23] INFO  o.e.m.c.i.embedder.EclipseLogger - Copying 0 resource
2019-04-21 11:23:27,773 [Worker-23] WARN  o.e.m.c.i.embedder.EclipseLogger - Using platform encoding (GBK actually) to copy filtered resources, i.e. build is platform dependent!
2019-04-21 11:23:27,773 [Worker-23] INFO  o.e.m.c.i.embedder.EclipseLogger - Copying 0 resource
2019-04-21 11:23:27,774 [Worker-23] WARN  o.e.m.c.i.embedder.EclipseLogger - Using platform encoding (GBK actually) to copy filtered resources, i.e. build is platform dependent!
2019-04-21 11:23:27,774 [Worker-23] INFO  o.e.m.c.i.embedder.EclipseLogger - Copying 0 resource
2019-04-21 11:46:53,755 [Worker-14] INFO  o.e.m.c.i.embedder.EclipseLogger - Using 'UTF-8' encoding to copy filtered resources.
2019-04-21 11:46:53,760 [Worker-14] INFO  o.e.m.c.i.embedder.EclipseLogger - Copying 0 resource
2019-04-21 11:46:53,761 [Worker-14] INFO  o.e.m.c.i.embedder.EclipseLogger - Using 'UTF-8' encoding to copy filtered resources.
2019-04-21 11:46:53,762 [Worker-14] INFO  o.e.m.c.i.embedder.EclipseLogger - Copying 0 resource
2019-04-21 11:46:54,404 [Worker-16] WARN  o.e.m.c.i.embedder.EclipseLogger - Using platform encoding (GBK actually) to copy filtered resources, i.e. build is platform dependent!
2019-04-21 11:46:54,405 [Worker-16] INFO  o.e.m.c.i.embedder.EclipseLogger - Copying 0 resource
2019-04-21 11:46:54,407 [Worker-16] WARN  o.e.m.c.i.embedder.EclipseLogger - Using platform encoding (GBK actually) to copy filtered resources, i.e. build is platform dependent!
2019-04-21 11:46:54,409 [Worker-16] INFO  o.e.m.c.i.embedder.EclipseLogger - Copying 0 resource
2019-04-21 11:46:54,791 [Worker-16] INFO  o.e.m.c.i.embedder.EclipseLogger - Using 'UTF-8' encoding to copy filtered resources.
2019-04-21 11:46:54,791 [Worker-16] INFO  o.e.m.c.i.embedder.EclipseLogger - Copying 0 resource
2019-04-21 11:46:54,792 [Worker-16] INFO  o.e.m.c.i.embedder.EclipseLogger - Using 'UTF-8' encoding to copy filtered resources.
2019-04-21 11:46:54,792 [Worker-16] INFO  o.e.m.c.i.embedder.EclipseLogger - skip non existing resourceDirectory D:\JAVA\仓库\OSALS\201708044206张成文\mvn_command\mvn_command\src\test\resources
2019-04-21 11:46:54,816 [Worker-16] INFO  o.e.m.c.i.embedder.EclipseLogger - Using 'UTF-8' encoding to copy filtered resources.
2019-04-21 11:46:54,816 [Worker-16] INFO  o.e.m.c.i.embedder.EclipseLogger - skip non existing resourceDirectory D:\JAVA\仓库\OSALS\201708044206张成文\HelloFriend\src\main\resources
2019-04-21 11:46:54,817 [Worker-16] INFO  o.e.m.c.i.embedder.EclipseLogger - Using 'UTF-8' encoding to copy filtered resources.
2019-04-21 11:46:54,817 [Worker-16] INFO  o.e.m.c.i.embedder.EclipseLogger - skip non existing resourceDirectory D:\JAVA\仓库\OSALS\201708044206张成文\HelloFriend\src\test\resources
2019-04-21 11:52:38,593 [Worker-3] INFO  o.e.m.c.i.embedder.EclipseLogger - Using 'UTF-8' encoding to copy filtered resources.
2019-04-21 11:52:38,598 [Worker-3] INFO  o.e.m.c.i.embedder.EclipseLogger - Copying 0 resource
2019-04-21 11:52:38,600 [Worker-3] INFO  o.e.m.c.i.embedder.EclipseLogger - Using 'UTF-8' encoding to copy filtered resources.
2019-04-21 11:52:38,600 [Worker-3] INFO  o.e.m.c.i.embedder.EclipseLogger - Copying 0 resource
2019-04-21 11:52:39,217 [Worker-18] WARN  o.e.m.c.i.embedder.EclipseLogger - Using platform encoding (GBK actually) to copy filtered resources, i.e. build is platform dependent!
2019-04-21 11:52:39,219 [Worker-18] INFO  o.e.m.c.i.embedder.EclipseLogger - Copying 0 resource
2019-04-21 11:52:39,220 [Worker-18] WARN  o.e.m.c.i.embedder.EclipseLogger - Using platform encoding (GBK actually) to copy filtered resources, i.e. build is platform dependent!
2019-04-21 11:52:39,221 [Worker-18] INFO  o.e.m.c.i.embedder.EclipseLogger - Copying 0 resource
2019-04-21 11:52:39,603 [Worker-18] INFO  o.e.m.c.i.embedder.EclipseLogger - Using 'UTF-8' encoding to copy filtered resources.
2019-04-21 11:52:39,603 [Worker-18] INFO  o.e.m.c.i.embedder.EclipseLogger - Copying 0 resource
2019-04-21 11:52:39,604 [Worker-18] INFO  o.e.m.c.i.embedder.EclipseLogger - Using 'UTF-8' encoding to copy filtered resources.
2019-04-21 11:52:39,604 [Worker-18] INFO  o.e.m.c.i.embedder.EclipseLogger - skip non existing resourceDirectory D:\JAVA\仓库\OSALS\201708044206张成文\mvn_command\mvn_command\src\test\resources
2019-04-21 11:52:39,632 [Worker-18] INFO  o.e.m.c.i.embedder.EclipseLogger - Using 'UTF-8' encoding to copy filtered resources.
2019-04-21 11:52:39,632 [Worker-18] INFO  o.e.m.c.i.embedder.EclipseLogger - skip non existing resourceDirectory D:\JAVA\仓库\OSALS\201708044206张成文\HelloFriend\src\main\resources
2019-04-21 11:52:39,633 [Worker-18] INFO  o.e.m.c.i.embedder.EclipseLogger - Using 'UTF-8' encoding to copy filtered resources.
2019-04-21 11:52:39,634 [Worker-18] INFO  o.e.m.c.i.embedder.EclipseLogger - skip non existing resourceDirectory D:\JAVA\仓库\OSALS\201708044206张成文\HelloFriend\src\test\resources
2019-04-21 12:01:39,381 [Worker-12] INFO  o.e.m.c.i.embedder.EclipseLogger - Using 'UTF-8' encoding to copy filtered resources.
2019-04-21 12:01:39,386 [Worker-12] INFO  o.e.m.c.i.embedder.EclipseLogger - Copying 0 resource
2019-04-21 12:01:39,387 [Worker-12] INFO  o.e.m.c.i.embedder.EclipseLogger - Using 'UTF-8' encoding to copy filtered resources.
2019-04-21 12:01:39,387 [Worker-12] INFO  o.e.m.c.i.embedder.EclipseLogger - Copying 0 resource
2019-04-21 12:01:40,000 [Worker-5] WARN  o.e.m.c.i.embedder.EclipseLogger - Using platform encoding (GBK actually) to copy filtered resources, i.e. build is platform dependent!
2019-04-21 12:01:40,002 [Worker-5] INFO  o.e.m.c.i.embedder.EclipseLogger - Copying 0 resource
2019-04-21 12:01:40,003 [Worker-5] WARN  o.e.m.c.i.embedder.EclipseLogger - Using platform encoding (GBK actually) to copy filtered resources, i.e. build is platform dependent!
2019-04-21 12:01:40,004 [Worker-5] INFO  o.e.m.c.i.embedder.EclipseLogger - Copying 0 resource
2019-04-21 12:01:40,483 [Worker-2] INFO  o.e.m.c.i.embedder.EclipseLogger - Using 'UTF-8' encoding to copy filtered resources.
2019-04-21 12:01:40,483 [Worker-2] INFO  o.e.m.c.i.embedder.EclipseLogger - Copying 0 resource
2019-04-21 12:01:40,484 [Worker-2] INFO  o.e.m.c.i.embedder.EclipseLogger - Using 'UTF-8' encoding to copy filtered resources.
2019-04-21 12:01:40,485 [Worker-2] INFO  o.e.m.c.i.embedder.EclipseLogger - skip non existing resourceDirectory D:\JAVA\仓库\OSALS\201708044206张成文\mvn_command\mvn_command\src\test\resources
2019-04-21 12:01:40,554 [Worker-2] INFO  o.e.m.c.i.embedder.EclipseLogger - Using 'UTF-8' encoding to copy filtered resources.
2019-04-21 12:01:40,555 [Worker-2] INFO  o.e.m.c.i.embedder.EclipseLogger - skip non existing resourceDirectory D:\JAVA\仓库\OSALS\201708044206张成文\HelloFriend\src\main\resources
2019-04-21 12:01:40,556 [Worker-2] INFO  o.e.m.c.i.embedder.EclipseLogger - Using 'UTF-8' encoding to copy filtered resources.
2019-04-21 12:01:40,556 [Worker-2] INFO  o.e.m.c.i.embedder.EclipseLogger - skip non existing resourceDirectory D:\JAVA\仓库\OSALS\201708044206张成文\HelloFriend\src\test\resources
2019-04-21 12:06:11,942 [Worker-12] INFO  o.e.m.c.i.embedder.EclipseLogger - Using 'UTF-8' encoding to copy filtered resources.
2019-04-21 12:06:11,948 [Worker-12] INFO  o.e.m.c.i.embedder.EclipseLogger - Copying 0 resource
2019-04-21 12:06:11,950 [Worker-12] INFO  o.e.m.c.i.embedder.EclipseLogger - Using 'UTF-8' encoding to copy filtered resources.
2019-04-21 12:06:11,951 [Worker-12] INFO  o.e.m.c.i.embedder.EclipseLogger - Copying 0 resource
2019-04-21 12:06:12,642 [Worker-16] WARN  o.e.m.c.i.embedder.EclipseLogger - Using platform encoding (GBK actually) to copy filtered resources, i.e. build is platform dependent!
2019-04-21 12:06:12,643 [Worker-16] INFO  o.e.m.c.i.embedder.EclipseLogger - Copying 0 resource
2019-04-21 12:06:12,645 [Worker-16] WARN  o.e.m.c.i.embedder.EclipseLogger - Using platform encoding (GBK actually) to copy filtered resources, i.e. build is platform dependent!
2019-04-21 12:06:12,645 [Worker-16] INFO  o.e.m.c.i.embedder.EclipseLogger - Copying 0 resource
2019-04-21 12:06:12,982 [Worker-16] INFO  o.e.m.c.i.embedder.EclipseLogger - Using 'UTF-8' encoding to copy filtered resources.
2019-04-21 12:06:12,983 [Worker-16] INFO  o.e.m.c.i.embedder.EclipseLogger - Copying 0 resource
2019-04-21 12:06:12,983 [Worker-16] INFO  o.e.m.c.i.embedder.EclipseLogger - Using 'UTF-8' encoding to copy filtered resources.
2019-04-21 12:06:12,983 [Worker-16] INFO  o.e.m.c.i.embedder.EclipseLogger - skip non existing resourceDirectory D:\JAVA\仓库\OSALS\201708044206张成文\mvn_command\mvn_command\src\test\resources
2019-04-21 12:06:13,152 [Worker-16] INFO  o.e.m.c.i.embedder.EclipseLogger - Using 'UTF-8' encoding to copy filtered resources.
2019-04-21 12:06:13,152 [Worker-16] INFO  o.e.m.c.i.embedder.EclipseLogger - skip non existing resourceDirectory D:\JAVA\仓库\OSALS\201708044206张成文\HelloFriend\src\main\resources
2019-04-21 12:06:13,153 [Worker-16] INFO  o.e.m.c.i.embedder.EclipseLogger - Using 'UTF-8' encoding to copy filtered resources.
2019-04-21 12:06:13,153 [Worker-16] INFO  o.e.m.c.i.embedder.EclipseLogger - skip non existing resourceDirectory D:\JAVA\仓库\OSALS\201708044206张成文\HelloFriend\src\test\resources
2019-04-21 12:21:23,948 [Worker-17] INFO  o.e.m.c.i.embedder.EclipseLogger - Using 'UTF-8' encoding to copy filtered resources.
2019-04-21 12:21:23,953 [Worker-17] INFO  o.e.m.c.i.embedder.EclipseLogger - Copying 0 resource
2019-04-21 12:21:23,956 [Worker-17] INFO  o.e.m.c.i.embedder.EclipseLogger - Using 'UTF-8' encoding to copy filtered resources.
2019-04-21 12:21:23,956 [Worker-17] INFO  o.e.m.c.i.embedder.EclipseLogger - Copying 0 resource
2019-04-21 12:21:24,583 [Worker-10] WARN  o.e.m.c.i.embedder.EclipseLogger - Using platform encoding (GBK actually) to copy filtered resources, i.e. build is platform dependent!
2019-04-21 12:21:24,585 [Worker-10] INFO  o.e.m.c.i.embedder.EclipseLogger - Copying 0 resource
2019-04-21 12:21:24,587 [Worker-10] WARN  o.e.m.c.i.embedder.EclipseLogger - Using platform encoding (GBK actually) to copy filtered resources, i.e. build is platform dependent!
2019-04-21 12:21:24,588 [Worker-10] INFO  o.e.m.c.i.embedder.EclipseLogger - Copying 0 resource
2019-04-21 12:21:25,054 [Worker-10] INFO  o.e.m.c.i.embedder.EclipseLogger - Using 'UTF-8' encoding to copy filtered resources.
2019-04-21 12:21:25,054 [Worker-10] INFO  o.e.m.c.i.embedder.EclipseLogger - Copying 0 resource
2019-04-21 12:21:25,055 [Worker-10] INFO  o.e.m.c.i.embedder.EclipseLogger - Using 'UTF-8' encoding to copy filtered resources.
2019-04-21 12:21:25,055 [Worker-10] INFO  o.e.m.c.i.embedder.EclipseLogger - skip non existing resourceDirectory D:\JAVA\仓库\OSALS\201708044206张成文\mvn_command\mvn_command\src\test\resources
2019-04-21 12:21:25,237 [Worker-20] INFO  o.e.m.c.i.embedder.EclipseLogger - Using 'UTF-8' encoding to copy filtered resources.
2019-04-21 12:21:25,237 [Worker-20] INFO  o.e.m.c.i.embedder.EclipseLogger - skip non existing resourceDirectory D:\JAVA\仓库\OSALS\201708044206张成文\HelloFriend\src\main\resources
2019-04-21 12:21:25,238 [Worker-20] INFO  o.e.m.c.i.embedder.EclipseLogger - Using 'UTF-8' encoding to copy filtered resources.
2019-04-21 12:21:25,238 [Worker-20] INFO  o.e.m.c.i.embedder.EclipseLogger - skip non existing resourceDirectory D:\JAVA\仓库\OSALS\201708044206张成文\HelloFriend\src\test\resources
2019-04-21 12:34:59,954 [Worker-4] INFO  o.e.m.c.i.embedder.EclipseLogger - Using 'UTF-8' encoding to copy filtered resources.
2019-04-21 12:34:59,959 [Worker-4] INFO  o.e.m.c.i.embedder.EclipseLogger - Copying 0 resource
2019-04-21 12:34:59,961 [Worker-4] INFO  o.e.m.c.i.embedder.EclipseLogger - Using 'UTF-8' encoding to copy filtered resources.
2019-04-21 12:34:59,962 [Worker-4] INFO  o.e.m.c.i.embedder.EclipseLogger - Copying 0 resource
2019-04-21 12:35:00,603 [Worker-1] WARN  o.e.m.c.i.embedder.EclipseLogger - Using platform encoding (GBK actually) to copy filtered resources, i.e. build is platform dependent!
2019-04-21 12:35:00,604 [Worker-1] INFO  o.e.m.c.i.embedder.EclipseLogger - Copying 0 resource
2019-04-21 12:35:00,606 [Worker-1] WARN  o.e.m.c.i.embedder.EclipseLogger - Using platform encoding (GBK actually) to copy filtered resources, i.e. build is platform dependent!
2019-04-21 12:35:00,607 [Worker-1] INFO  o.e.m.c.i.embedder.EclipseLogger - Copying 0 resource
2019-04-21 12:35:00,941 [Worker-1] INFO  o.e.m.c.i.embedder.EclipseLogger - Using 'UTF-8' encoding to copy filtered resources.
2019-04-21 12:35:00,942 [Worker-1] INFO  o.e.m.c.i.embedder.EclipseLogger - Copying 0 resource
2019-04-21 12:35:00,942 [Worker-1] INFO  o.e.m.c.i.embedder.EclipseLogger - Using 'UTF-8' encoding to copy filtered resources.
2019-04-21 12:35:00,942 [Worker-1] INFO  o.e.m.c.i.embedder.EclipseLogger - skip non existing resourceDirectory D:\JAVA\仓库\OSALS\201708044206张成文\mvn_command\mvn_command\src\test\resources
2019-04-21 12:35:00,966 [Worker-1] INFO  o.e.m.c.i.embedder.EclipseLogger - Using 'UTF-8' encoding to copy filtered resources.
2019-04-21 12:35:00,966 [Worker-1] INFO  o.e.m.c.i.embedder.EclipseLogger - skip non existing resourceDirectory D:\JAVA\仓库\OSALS\201708044206张成文\HelloFriend\src\main\resources
2019-04-21 12:35:00,967 [Worker-1] INFO  o.e.m.c.i.embedder.EclipseLogger - Using 'UTF-8' encoding to copy filtered resources.
2019-04-21 12:35:00,967 [Worker-1] INFO  o.e.m.c.i.embedder.EclipseLogger - skip non existing resourceDirectory D:\JAVA\仓库\OSALS\201708044206张成文\HelloFriend\src\test\resources
2019-04-21 12:55:01,467 [Worker-1] INFO  o.e.m.c.i.embedder.EclipseLogger - Using 'UTF-8' encoding to copy filtered resources.
2019-04-21 12:55:01,473 [Worker-1] INFO  o.e.m.c.i.embedder.EclipseLogger - Copying 0 resource
2019-04-21 12:55:01,475 [Worker-1] INFO  o.e.m.c.i.embedder.EclipseLogger - Using 'UTF-8' encoding to copy filtered resources.
2019-04-21 12:55:01,476 [Worker-1] INFO  o.e.m.c.i.embedder.EclipseLogger - Copying 0 resource
2019-04-21 12:55:02,172 [Worker-4] WARN  o.e.m.c.i.embedder.EclipseLogger - Using platform encoding (GBK actually) to copy filtered resources, i.e. build is platform dependent!
2019-04-21 12:55:02,176 [Worker-4] INFO  o.e.m.c.i.embedder.EclipseLogger - Copying 0 resource
2019-04-21 12:55:02,178 [Worker-4] WARN  o.e.m.c.i.embedder.EclipseLogger - Using platform encoding (GBK actually) to copy filtered resources, i.e. build is platform dependent!
2019-04-21 12:55:02,179 [Worker-4] INFO  o.e.m.c.i.embedder.EclipseLogger - Copying 0 resource
2019-04-21 12:55:02,559 [Worker-4] INFO  o.e.m.c.i.embedder.EclipseLogger - Using 'UTF-8' encoding to copy filtered resources.
2019-04-21 12:55:02,560 [Worker-4] INFO  o.e.m.c.i.embedder.EclipseLogger - Copying 0 resource
2019-04-21 12:55:02,560 [Worker-4] INFO  o.e.m.c.i.embedder.EclipseLogger - Using 'UTF-8' encoding to copy filtered resources.
2019-04-21 12:55:02,561 [Worker-4] INFO  o.e.m.c.i.embedder.EclipseLogger - skip non existing resourceDirectory D:\JAVA\仓库\OSALS\201708044206张成文\mvn_command\mvn_command\src\test\resources
2019-04-21 12:55:02,584 [Worker-4] INFO  o.e.m.c.i.embedder.EclipseLogger - Using 'UTF-8' encoding to copy filtered resources.
2019-04-21 12:55:02,584 [Worker-4] INFO  o.e.m.c.i.embedder.EclipseLogger - skip non existing resourceDirectory D:\JAVA\仓库\OSALS\201708044206张成文\HelloFriend\src\main\resources
2019-04-21 12:55:02,585 [Worker-4] INFO  o.e.m.c.i.embedder.EclipseLogger - Using 'UTF-8' encoding to copy filtered resources.
2019-04-21 12:55:02,585 [Worker-4] INFO  o.e.m.c.i.embedder.EclipseLogger - skip non existing resourceDirectory D:\JAVA\仓库\OSALS\201708044206张成文\HelloFriend\src\test\resources
2019-04-21 13:59:50,575 [Worker-15] WARN  o.e.m.c.i.embedder.EclipseLogger - Using platform encoding (GBK actually) to copy filtered resources, i.e. build is platform dependent!
2019-04-21 13:59:50,636 [Worker-15] INFO  o.e.m.c.i.embedder.EclipseLogger - Copying 0 resource
2019-04-21 13:59:50,640 [Worker-15] WARN  o.e.m.c.i.embedder.EclipseLogger - Using platform encoding (GBK actually) to copy filtered resources, i.e. build is platform dependent!
2019-04-21 13:59:50,642 [Worker-15] INFO  o.e.m.c.i.embedder.EclipseLogger - Copying 0 resource
2019-04-21 14:01:05,394 [Worker-16] WARN  o.e.m.c.i.embedder.EclipseLogger - Using platform encoding (GBK actually) to copy filtered resources, i.e. build is platform dependent!
2019-04-21 14:01:05,404 [Worker-16] INFO  o.e.m.c.i.embedder.EclipseLogger - Copying 0 resource
2019-04-21 14:01:05,406 [Worker-16] WARN  o.e.m.c.i.embedder.EclipseLogger - Using platform encoding (GBK actually) to copy filtered resources, i.e. build is platform dependent!
2019-04-21 14:01:05,408 [Worker-16] INFO  o.e.m.c.i.embedder.EclipseLogger - Copying 0 resource
2019-04-21 14:04:27,445 [Worker-9] WARN  o.e.m.c.i.embedder.EclipseLogger - Using platform encoding (GBK actually) to copy filtered resources, i.e. build is platform dependent!
2019-04-21 14:04:27,471 [Worker-9] INFO  o.e.m.c.i.embedder.EclipseLogger - Copying 0 resource
2019-04-21 14:04:27,472 [Worker-9] WARN  o.e.m.c.i.embedder.EclipseLogger - Using platform encoding (GBK actually) to copy filtered resources, i.e. build is platform dependent!
2019-04-21 14:04:27,473 [Worker-9] INFO  o.e.m.c.i.embedder.EclipseLogger - Copying 0 resource
2019-04-21 14:07:53,949 [Worker-0] INFO  o.e.m.c.i.l.LifecycleMappingFactory - Using org.maven.ide.eclipse.wtp.WarLifecycleMapping lifecycle mapping for MavenProject: com.zcw.web:WebProjct02:0.0.1-SNAPSHOT @ D:\JAVA\仓库\OSALS\201708044206张成文\WebProjct02\pom.xml.
2019-04-21 14:07:55,338 [Worker-0] WARN  o.e.m.c.i.embedder.EclipseLogger - Using platform encoding (GBK actually) to copy filtered resources, i.e. build is platform dependent!
2019-04-21 14:07:55,341 [Worker-0] INFO  o.e.m.c.i.embedder.EclipseLogger - Copying 0 resource
2019-04-21 14:07:55,343 [Worker-0] WARN  o.e.m.c.i.embedder.EclipseLogger - Using platform encoding (GBK actually) to copy filtered resources, i.e. build is platform dependent!
2019-04-21 14:07:55,345 [Worker-0] INFO  o.e.m.c.i.embedder.EclipseLogger - Copying 0 resource
2019-04-21 14:07:55,345 [Worker-0] INFO  o.e.m.w.i.f.ResourceFilteringBuildParticipant - Changed resources require a complete clean of filtered resources of WebProjct02
2019-04-21 14:07:55,346 [Worker-0] INFO  o.e.m.w.i.f.ResourceFilteringBuildParticipant - Executing resource filtering for WebProjct02
2019-04-21 14:07:55,353 [Worker-0] WARN  o.e.m.c.i.embedder.EclipseLogger - Using platform encoding (GBK actually) to copy filtered resources, i.e. build is platform dependent!
2019-04-21 14:07:55,593 [Worker-9] WARN  o.e.m.c.i.embedder.EclipseLogger - Using platform encoding (GBK actually) to copy filtered resources, i.e. build is platform dependent!
2019-04-21 14:07:55,595 [Worker-9] INFO  o.e.m.c.i.embedder.EclipseLogger - Copying 0 resource
2019-04-21 14:07:55,596 [Worker-9] WARN  o.e.m.c.i.embedder.EclipseLogger - Using platform encoding (GBK actually) to copy filtered resources, i.e. build is platform dependent!
2019-04-21 14:07:55,598 [Worker-9] INFO  o.e.m.c.i.embedder.EclipseLogger - Copying 0 resource
2019-04-21 14:08:16,305 [Worker-20] WARN  o.e.m.c.i.embedder.EclipseLogger - Using platform encoding (GBK actually) to copy filtered resources, i.e. build is platform dependent!
2019-04-21 14:08:16,307 [Worker-20] INFO  o.e.m.c.i.embedder.EclipseLogger - Copying 0 resource
2019-04-21 14:08:16,309 [Worker-20] WARN  o.e.m.c.i.embedder.EclipseLogger - Using platform encoding (GBK actually) to copy filtered resources, i.e. build is platform dependent!
2019-04-21 14:08:16,310 [Worker-20] INFO  o.e.m.c.i.embedder.EclipseLogger - Copying 0 resource
2019-04-21 14:17:44,680 [Worker-15] INFO  o.e.m.c.i.l.LifecycleMappingFactory - Using org.maven.ide.eclipse.wtp.WarLifecycleMapping lifecycle mapping for MavenProject: com.zcw.web:WebProjct02:0.0.1-SNAPSHOT @ D:\JAVA\仓库\OSALS\201708044206张成文\WebProjct02\pom.xml.
2019-04-21 14:17:45,855 [Worker-15] WARN  o.e.m.c.i.embedder.EclipseLogger - Using platform encoding (GBK actually) to copy filtered resources, i.e. build is platform dependent!
2019-04-21 14:17:45,859 [Worker-15] INFO  o.e.m.c.i.embedder.EclipseLogger - Copying 0 resource
2019-04-21 14:17:45,862 [Worker-15] WARN  o.e.m.c.i.embedder.EclipseLogger - Using platform encoding (GBK actually) to copy filtered resources, i.e. build is platform dependent!
2019-04-21 14:17:45,864 [Worker-15] INFO  o.e.m.c.i.embedder.EclipseLogger - Copying 0 resource
2019-04-21 14:17:45,864 [Worker-15] INFO  o.e.m.w.i.f.ResourceFilteringBuildParticipant - Changed resources require a complete clean of filtered resources of WebProjct02
2019-04-21 14:17:45,864 [Worker-15] INFO  o.e.m.w.i.f.ResourceFilteringBuildParticipant - Executing resource filtering for WebProjct02
2019-04-21 14:17:45,873 [Worker-15] WARN  o.e.m.c.i.embedder.EclipseLogger - Using platform encoding (GBK actually) to copy filtered resources, i.e. build is platform dependent!
2019-04-21 14:17:47,065 [Worker-8] WARN  o.e.m.c.i.embedder.EclipseLogger - Using platform encoding (GBK actually) to copy filtered resources, i.e. build is platform dependent!
2019-04-21 14:17:47,067 [Worker-8] INFO  o.e.m.c.i.embedder.EclipseLogger - Copying 0 resource
2019-04-21 14:17:47,068 [Worker-8] WARN  o.e.m.c.i.embedder.EclipseLogger - Using platform encoding (GBK actually) to copy filtered resources, i.e. build is platform dependent!
2019-04-21 14:17:47,069 [Worker-8] INFO  o.e.m.c.i.embedder.EclipseLogger - Copying 0 resource
2019-04-21 14:20:30,441 [Worker-29] WARN  o.e.m.c.i.embedder.EclipseLogger - Using platform encoding (GBK actually) to copy filtered resources, i.e. build is platform dependent!
2019-04-21 14:20:30,443 [Worker-29] INFO  o.e.m.c.i.embedder.EclipseLogger - Copying 0 resource
2019-04-21 14:20:30,444 [Worker-29] WARN  o.e.m.c.i.embedder.EclipseLogger - Using platform encoding (GBK actually) to copy filtered resources, i.e. build is platform dependent!
2019-04-21 14:20:30,446 [Worker-29] INFO  o.e.m.c.i.embedder.EclipseLogger - Copying 0 resource
2019-04-21 14:20:52,074 [Worker-30] WARN  o.e.m.c.i.embedder.EclipseLogger - Using platform encoding (GBK actually) to copy filtered resources, i.e. build is platform dependent!
2019-04-21 14:20:52,075 [Worker-30] INFO  o.e.m.c.i.embedder.EclipseLogger - Copying 0 resource
2019-04-21 14:20:52,077 [Worker-30] WARN  o.e.m.c.i.embedder.EclipseLogger - Using platform encoding (GBK actually) to copy filtered resources, i.e. build is platform dependent!
2019-04-21 14:20:52,079 [Worker-30] INFO  o.e.m.c.i.embedder.EclipseLogger - Copying 0 resource
2019-04-21 14:32:42,113 [Worker-8] INFO  o.e.m.c.i.l.LifecycleMappingFactory - Using org.eclipse.m2e.jdt.JarLifecycleMapping lifecycle mapping for MavenProject: com.zcw.maven:MakeFriends:0.0.1-SNAPSHOT @ D:\JAVA\仓库\OSALS\201708044206张成文\MakeFriends\pom.xml.
2019-04-21 14:32:42,945 [Worker-8] INFO  o.e.m.j.i.AbstractJavaProjectConfigurator - Adding source folder /MakeFriends/src/main/java
2019-04-21 14:32:42,946 [Worker-8] INFO  o.e.m.j.i.AbstractJavaProjectConfigurator - Adding resource folder /MakeFriends/src/main/resources
2019-04-21 14:32:42,947 [Worker-8] INFO  o.e.m.j.i.AbstractJavaProjectConfigurator - Adding source folder /MakeFriends/src/test/java
2019-04-21 14:32:42,948 [Worker-8] INFO  o.e.m.j.i.AbstractJavaProjectConfigurator - Adding resource folder /MakeFriends/src/test/resources
2019-04-21 14:32:43,497 [Worker-31] WARN  o.e.m.c.i.embedder.EclipseLogger - Using platform encoding (GBK actually) to copy filtered resources, i.e. build is platform dependent!
2019-04-21 14:32:43,498 [Worker-31] INFO  o.e.m.c.i.embedder.EclipseLogger - Copying 0 resource
2019-04-21 14:32:43,500 [Worker-31] WARN  o.e.m.c.i.embedder.EclipseLogger - Using platform encoding (GBK actually) to copy filtered resources, i.e. build is platform dependent!
2019-04-21 14:32:43,502 [Worker-31] INFO  o.e.m.c.i.embedder.EclipseLogger - Copying 0 resource
2019-04-21 14:34:09,374 [Worker-33] WARN  o.e.m.c.i.embedder.EclipseLogger - Using platform encoding (GBK actually) to copy filtered resources, i.e. build is platform dependent!
2019-04-21 14:34:09,379 [Worker-33] INFO  o.e.m.c.i.embedder.EclipseLogger - Copying 0 resource
2019-04-21 14:34:09,381 [Worker-33] WARN  o.e.m.c.i.embedder.EclipseLogger - Using platform encoding (GBK actually) to copy filtered resources, i.e. build is platform dependent!
2019-04-21 14:34:09,382 [Worker-33] INFO  o.e.m.c.i.embedder.EclipseLogger - Copying 0 resource
2019-04-21 14:35:51,070 [Worker-8] WARN  o.e.m.c.i.embedder.EclipseLogger - Using platform encoding (GBK actually) to copy filtered resources, i.e. build is platform dependent!
2019-04-21 14:35:51,072 [Worker-8] INFO  o.e.m.c.i.embedder.EclipseLogger - Copying 0 resource
2019-04-21 14:35:51,074 [Worker-8] WARN  o.e.m.c.i.embedder.EclipseLogger - Using platform encoding (GBK actually) to copy filtered resources, i.e. build is platform dependent!
2019-04-21 14:35:51,075 [Worker-8] INFO  o.e.m.c.i.embedder.EclipseLogger - Copying 0 resource
2019-04-21 14:38:10,970 [Worker-8] INFO  o.e.m.c.i.l.LifecycleMappingFactory - Using org.eclipse.m2e.jdt.JarLifecycleMapping lifecycle mapping for MavenProject: com.zcw.maven:MakeFriends:0.0.1-SNAPSHOT @ D:\JAVA\仓库\OSALS\201708044206张成文\MakeFriends\pom.xml.
2019-04-21 14:38:11,128 [Worker-8] WARN  o.e.m.c.i.embedder.EclipseLogger - The POM for com.atguigu.maven:HelloFriend:jar:0.0.1-SNAPSHOT is missing, no dependency information available
2019-04-21 14:38:11,401 [Worker-8] WARN  o.e.m.c.i.embedder.EclipseLogger - Using platform encoding (GBK actually) to copy filtered resources, i.e. build is platform dependent!
2019-04-21 14:38:11,402 [Worker-8] INFO  o.e.m.c.i.embedder.EclipseLogger - Copying 0 resource
2019-04-21 14:38:11,404 [Worker-8] WARN  o.e.m.c.i.embedder.EclipseLogger - Using platform encoding (GBK actually) to copy filtered resources, i.e. build is platform dependent!
2019-04-21 14:38:11,405 [Worker-8] INFO  o.e.m.c.i.embedder.EclipseLogger - Copying 0 resource
2019-04-21 14:39:24,397 [Worker-8] WARN  o.e.m.c.i.embedder.EclipseLogger - The POM for com.zcw.HelloFriend:HelloFriend:jar:0.0.1-SNAPSHOT is missing, no dependency information available
2019-04-21 14:39:24,566 [Worker-36] INFO  o.e.m.c.i.l.LifecycleMappingFactory - Using org.eclipse.m2e.jdt.JarLifecycleMapping lifecycle mapping for MavenProject: com.zcw.maven:MakeFriends:0.0.1-SNAPSHOT @ D:\JAVA\仓库\OSALS\201708044206张成文\MakeFriends\pom.xml.
2019-04-21 14:39:24,586 [Worker-36] WARN  o.e.m.c.i.embedder.EclipseLogger - The POM for com.zcw.HelloFriend:HelloFriend:jar:0.0.1-SNAPSHOT is missing, no dependency information available
2019-04-21 14:39:24,663 [Worker-36] WARN  o.e.m.c.i.embedder.EclipseLogger - Using platform encoding (GBK actually) to copy filtered resources, i.e. build is platform dependent!
2019-04-21 14:39:24,665 [Worker-36] INFO  o.e.m.c.i.embedder.EclipseLogger - Copying 0 resource
2019-04-21 14:39:24,666 [Worker-36] WARN  o.e.m.c.i.embedder.EclipseLogger - Using platform encoding (GBK actually) to copy filtered resources, i.e. build is platform dependent!
2019-04-21 14:39:24,667 [Worker-36] INFO  o.e.m.c.i.embedder.EclipseLogger - Copying 0 resource
2019-04-21 14:43:25,495 [Worker-8] INFO  o.e.m.c.i.l.LifecycleMappingFactory - Using org.eclipse.m2e.jdt.JarLifecycleMapping lifecycle mapping for MavenProject: com.zcw.maven:MakeFriends:0.0.1-SNAPSHOT @ D:\JAVA\仓库\OSALS\201708044206张成文\MakeFriends\pom.xml.
2019-04-21 14:43:25,584 [Worker-8] WARN  o.e.m.c.i.embedder.EclipseLogger - Using platform encoding (GBK actually) to copy filtered resources, i.e. build is platform dependent!
2019-04-21 14:43:25,585 [Worker-8] INFO  o.e.m.c.i.embedder.EclipseLogger - Copying 0 resource
2019-04-21 14:43:25,587 [Worker-8] WARN  o.e.m.c.i.embedder.EclipseLogger - Using platform encoding (GBK actually) to copy filtered resources, i.e. build is platform dependent!
2019-04-21 14:43:25,588 [Worker-8] INFO  o.e.m.c.i.embedder.EclipseLogger - Copying 0 resource
2019-04-21 14:43:27,221 [Worker-37] WARN  o.e.m.c.i.embedder.EclipseLogger - Using platform encoding (GBK actually) to copy filtered resources, i.e. build is platform dependent!
2019-04-21 14:43:27,223 [Worker-37] INFO  o.e.m.c.i.embedder.EclipseLogger - Copying 0 resource
2019-04-21 14:43:27,224 [Worker-37] WARN  o.e.m.c.i.embedder.EclipseLogger - Using platform encoding (GBK actually) to copy filtered resources, i.e. build is platform dependent!
2019-04-21 14:43:27,226 [Worker-37] INFO  o.e.m.c.i.embedder.EclipseLogger - Copying 0 resource
2019-04-21 14:43:31,289 [Worker-39] WARN  o.e.m.c.i.embedder.EclipseLogger - Using platform encoding (GBK actually) to copy filtered resources, i.e. build is platform dependent!
2019-04-21 14:43:31,291 [Worker-39] INFO  o.e.m.c.i.embedder.EclipseLogger - Copying 0 resource
2019-04-21 14:43:31,293 [Worker-39] WARN  o.e.m.c.i.embedder.EclipseLogger - Using platform encoding (GBK actually) to copy filtered resources, i.e. build is platform dependent!
2019-04-21 14:43:31,295 [Worker-39] INFO  o.e.m.c.i.embedder.EclipseLogger - Copying 0 resource
2019-04-21 14:44:44,177 [Worker-40] WARN  o.e.m.c.i.embedder.EclipseLogger - Using platform encoding (GBK actually) to copy filtered resources, i.e. build is platform dependent!
2019-04-21 14:44:44,179 [Worker-40] INFO  o.e.m.c.i.embedder.EclipseLogger - Copying 0 resource
2019-04-21 14:44:44,180 [Worker-40] WARN  o.e.m.c.i.embedder.EclipseLogger - Using platform encoding (GBK actually) to copy filtered resources, i.e. build is platform dependent!
2019-04-21 14:44:44,182 [Worker-40] INFO  o.e.m.c.i.embedder.EclipseLogger - Copying 0 resource
2019-04-21 14:53:59,309 [Worker-44] INFO  o.e.m.c.i.l.LifecycleMappingFactory - Using org.eclipse.m2e.jdt.JarLifecycleMapping lifecycle mapping for MavenProject: com.zcw:mvn_command:0.0.1-SNAPSHOT @ D:\JAVA\仓库\OSALS\201708044206张成文\mvn_command\mvn_command\pom.xml.
2019-04-21 14:53:59,453 [Worker-44] INFO  o.e.m.c.i.l.LifecycleMappingFactory - Using org.eclipse.m2e.jdt.JarLifecycleMapping lifecycle mapping for MavenProject: com.zcw:HelloFriend:0.0.1-SNAPSHOT @ D:\JAVA\仓库\OSALS\201708044206张成文\HelloFriend\pom.xml.
2019-04-21 14:53:59,527 [Worker-44] INFO  o.e.m.c.i.l.LifecycleMappingFactory - Using org.eclipse.m2e.jdt.JarLifecycleMapping lifecycle mapping for MavenProject: com.zcw.maven:MakeFriends:0.0.1-SNAPSHOT @ D:\JAVA\仓库\OSALS\201708044206张成文\MakeFriends\pom.xml.
2019-04-21 14:53:59,841 [Worker-44] INFO  o.e.m.c.i.embedder.EclipseLogger - Using 'UTF-8' encoding to copy filtered resources.
2019-04-21 14:53:59,842 [Worker-44] INFO  o.e.m.c.i.embedder.EclipseLogger - Copying 0 resource
2019-04-21 14:53:59,843 [Worker-44] INFO  o.e.m.c.i.embedder.EclipseLogger - Using 'UTF-8' encoding to copy filtered resources.
2019-04-21 14:53:59,843 [Worker-44] INFO  o.e.m.c.i.embedder.EclipseLogger - skip non existing resourceDirectory D:\JAVA\仓库\OSALS\201708044206张成文\mvn_command\mvn_command\src\test\resources
2019-04-21 14:53:59,970 [Worker-44] INFO  o.e.m.c.i.embedder.EclipseLogger - Using 'UTF-8' encoding to copy filtered resources.
2019-04-21 14:53:59,970 [Worker-44] INFO  o.e.m.c.i.embedder.EclipseLogger - skip non existing resourceDirectory D:\JAVA\仓库\OSALS\201708044206张成文\HelloFriend\src\main\resources
2019-04-21 14:53:59,972 [Worker-44] INFO  o.e.m.c.i.embedder.EclipseLogger - Using 'UTF-8' encoding to copy filtered resources.
2019-04-21 14:53:59,972 [Worker-44] INFO  o.e.m.c.i.embedder.EclipseLogger - skip non existing resourceDirectory D:\JAVA\仓库\OSALS\201708044206张成文\HelloFriend\src\test\resources
2019-04-21 14:54:00,101 [Worker-44] WARN  o.e.m.c.i.embedder.EclipseLogger - Using platform encoding (GBK actually) to copy filtered resources, i.e. build is platform dependent!
2019-04-21 14:54:00,103 [Worker-44] INFO  o.e.m.c.i.embedder.EclipseLogger - Copying 0 resource
2019-04-21 14:54:00,106 [Worker-44] WARN  o.e.m.c.i.embedder.EclipseLogger - Using platform encoding (GBK actually) to copy filtered resources, i.e. build is platform dependent!
2019-04-21 14:54:00,107 [Worker-44] INFO  o.e.m.c.i.embedder.EclipseLogger - Copying 0 resource
2019-04-21 14:54:01,440 [Worker-44] INFO  o.e.m.c.i.embedder.EclipseLogger - Using 'UTF-8' encoding to copy filtered resources.
2019-04-21 14:54:01,441 [Worker-44] INFO  o.e.m.c.i.embedder.EclipseLogger - Copying 0 resource
2019-04-21 14:54:01,444 [Worker-44] INFO  o.e.m.c.i.embedder.EclipseLogger - Using 'UTF-8' encoding to copy filtered resources.
2019-04-21 14:54:01,444 [Worker-44] INFO  o.e.m.c.i.embedder.EclipseLogger - skip non existing resourceDirectory D:\JAVA\仓库\OSALS\201708044206张成文\mvn_command\mvn_command\src\test\resources
2019-04-21 15:08:45,678 [Worker-51] INFO  o.e.m.c.i.l.LifecycleMappingFactory - Using org.eclipse.m2e.jdt.JarLifecycleMapping lifecycle mapping for MavenProject: com.zcw.maven:MakeFriends:0.0.1-SNAPSHOT @ D:\JAVA\仓库\OSALS\201708044206张成文\MakeFriends\pom.xml.
2019-04-21 15:08:46,141 [Worker-51] WARN  o.e.m.c.i.embedder.EclipseLogger - Using platform encoding (GBK actually) to copy filtered resources, i.e. build is platform dependent!
2019-04-21 15:08:46,143 [Worker-51] INFO  o.e.m.c.i.embedder.EclipseLogger - Copying 0 resource
2019-04-21 15:08:46,144 [Worker-51] WARN  o.e.m.c.i.embedder.EclipseLogger - Using platform encoding (GBK actually) to copy filtered resources, i.e. build is platform dependent!
2019-04-21 15:08:46,145 [Worker-51] INFO  o.e.m.c.i.embedder.EclipseLogger - Copying 0 resource
2019-04-21 15:08:47,369 [Worker-53] WARN  o.e.m.c.i.embedder.EclipseLogger - Using platform encoding (GBK actually) to copy filtered resources, i.e. build is platform dependent!
2019-04-21 15:08:47,372 [Worker-53] INFO  o.e.m.c.i.embedder.EclipseLogger - Copying 0 resource
2019-04-21 15:08:47,374 [Worker-53] WARN  o.e.m.c.i.embedder.EclipseLogger - Using platform encoding (GBK actually) to copy filtered resources, i.e. build is platform dependent!
2019-04-21 15:08:47,399 [Worker-53] INFO  o.e.m.c.i.embedder.EclipseLogger - Copying 0 resource
2019-04-21 15:29:04,639 [Worker-62] INFO  o.e.m.c.i.l.LifecycleMappingFactory - Using org.eclipse.m2e.jdt.JarLifecycleMapping lifecycle mapping for MavenProject: com.zcw:mvn_command:0.0.1-SNAPSHOT @ D:\JAVA\仓库\OSALS\201708044206张成文\mvn_command\mvn_command\pom.xml.
2019-04-21 15:29:04,736 [Worker-62] INFO  o.e.m.c.i.embedder.EclipseLogger - Using 'UTF-8' encoding to copy filtered resources.
2019-04-21 15:29:04,736 [Worker-62] INFO  o.e.m.c.i.embedder.EclipseLogger - Copying 0 resource
2019-04-21 15:29:04,738 [Worker-62] INFO  o.e.m.c.i.embedder.EclipseLogger - Using 'UTF-8' encoding to copy filtered resources.
2019-04-21 15:29:04,739 [Worker-62] INFO  o.e.m.c.i.embedder.EclipseLogger - skip non existing resourceDirectory D:\JAVA\仓库\OSALS\201708044206张成文\mvn_command\mvn_command\src\test\resources
2019-04-21 15:29:18,832 [Worker-59] INFO  o.e.m.c.i.l.LifecycleMappingFactory - Using org.eclipse.m2e.jdt.JarLifecycleMapping lifecycle mapping for MavenProject: com.zcw:mvn_command:0.0.1-SNAPSHOT @ D:\JAVA\仓库\OSALS\201708044206张成文\mvn_command\mvn_command\pom.xml.
2019-04-21 15:29:19,013 [Worker-59] INFO  o.e.m.c.i.l.LifecycleMappingFactory - Using org.eclipse.m2e.jdt.JarLifecycleMapping lifecycle mapping for MavenProject: com.zcw:HelloFriend:0.0.1-SNAPSHOT @ D:\JAVA\仓库\OSALS\201708044206张成文\HelloFriend\pom.xml.
2019-04-21 15:29:19,080 [Worker-59] INFO  o.e.m.c.i.l.LifecycleMappingFactory - Using org.eclipse.m2e.jdt.JarLifecycleMapping lifecycle mapping for MavenProject: com.zcw.maven:MakeFriends:0.0.1-SNAPSHOT @ D:\JAVA\仓库\OSALS\201708044206张成文\MakeFriends\pom.xml.
2019-04-21 15:29:19,269 [Worker-59] INFO  o.e.m.c.i.embedder.EclipseLogger - Using 'UTF-8' encoding to copy filtered resources.
2019-04-21 15:29:19,269 [Worker-59] INFO  o.e.m.c.i.embedder.EclipseLogger - Copying 0 resource
2019-04-21 15:29:19,270 [Worker-59] INFO  o.e.m.c.i.embedder.EclipseLogger - Using 'UTF-8' encoding to copy filtered resources.
2019-04-21 15:29:19,271 [Worker-59] INFO  o.e.m.c.i.embedder.EclipseLogger - skip non existing resourceDirectory D:\JAVA\仓库\OSALS\201708044206张成文\mvn_command\mvn_command\src\test\resources
2019-04-21 15:29:19,384 [Worker-59] INFO  o.e.m.c.i.embedder.EclipseLogger - Using 'UTF-8' encoding to copy filtered resources.
2019-04-21 15:29:19,384 [Worker-59] INFO  o.e.m.c.i.embedder.EclipseLogger - skip non existing resourceDirectory D:\JAVA\仓库\OSALS\201708044206张成文\HelloFriend\src\main\resources
2019-04-21 15:29:19,385 [Worker-59] INFO  o.e.m.c.i.embedder.EclipseLogger - Using 'UTF-8' encoding to copy filtered resources.
2019-04-21 15:29:19,385 [Worker-59] INFO  o.e.m.c.i.embedder.EclipseLogger - skip non existing resourceDirectory D:\JAVA\仓库\OSALS\201708044206张成文\HelloFriend\src\test\resources
2019-04-21 15:29:19,521 [Worker-59] WARN  o.e.m.c.i.embedder.EclipseLogger - Using platform encoding (GBK actually) to copy filtered resources, i.e. build is platform dependent!
2019-04-21 15:29:19,524 [Worker-59] INFO  o.e.m.c.i.embedder.EclipseLogger - Copying 0 resource
2019-04-21 15:29:19,526 [Worker-59] WARN  o.e.m.c.i.embedder.EclipseLogger - Using platform encoding (GBK actually) to copy filtered resources, i.e. build is platform dependent!
2019-04-21 15:29:19,528 [Worker-59] INFO  o.e.m.c.i.embedder.EclipseLogger - Copying 0 resource
2019-04-21 15:29:20,650 [Worker-64] INFO  o.e.m.c.i.embedder.EclipseLogger - Using 'UTF-8' encoding to copy filtered resources.
2019-04-21 15:29:20,651 [Worker-64] INFO  o.e.m.c.i.embedder.EclipseLogger - Copying 0 resource
2019-04-21 15:29:20,653 [Worker-64] INFO  o.e.m.c.i.embedder.EclipseLogger - Using 'UTF-8' encoding to copy filtered resources.
2019-04-21 15:29:20,653 [Worker-64] INFO  o.e.m.c.i.embedder.EclipseLogger - skip non existing resourceDirectory D:\JAVA\仓库\OSALS\201708044206张成文\mvn_command\mvn_command\src\test\resources
2019-04-21 15:44:06,815 [Worker-63] INFO  o.e.m.c.i.l.LifecycleMappingFactory - Using NULL lifecycle mapping for MavenProject: com.zcw.maven:Parent:0.0.1-SNAPSHOT @ D:\JAVA\仓库\OSALS\201708044206张成文\Parent\pom.xml.
2019-04-21 15:46:36,726 [Worker-69] INFO  o.e.m.c.i.l.LifecycleMappingFactory - Using org.eclipse.m2e.jdt.JarLifecycleMapping lifecycle mapping for MavenProject: com.zcw:mvn_command:0.0.1-SNAPSHOT @ D:\JAVA\仓库\OSALS\201708044206张成文\mvn_command\mvn_command\pom.xml.
2019-04-21 15:46:36,810 [Worker-69] INFO  o.e.m.c.i.l.LifecycleMappingFactory - Using org.eclipse.m2e.jdt.JarLifecycleMapping lifecycle mapping for MavenProject: com.zcw.maven:MakeFriends:0.0.1-SNAPSHOT @ D:\JAVA\仓库\OSALS\201708044206张成文\MakeFriends\pom.xml.
2019-04-21 15:46:36,906 [Worker-69] INFO  o.e.m.c.i.l.LifecycleMappingFactory - Using org.eclipse.m2e.jdt.JarLifecycleMapping lifecycle mapping for MavenProject: com.zcw:HelloFriend:0.0.1-SNAPSHOT @ D:\JAVA\仓库\OSALS\201708044206张成文\HelloFriend\pom.xml.
2019-04-21 15:46:37,316 [Worker-69] INFO  o.e.m.c.i.embedder.EclipseLogger - Using 'UTF-8' encoding to copy filtered resources.
2019-04-21 15:46:37,321 [Worker-69] INFO  o.e.m.c.i.embedder.EclipseLogger - Copying 0 resource
2019-04-21 15:46:37,325 [Worker-69] INFO  o.e.m.c.i.embedder.EclipseLogger - Using 'UTF-8' encoding to copy filtered resources.
2019-04-21 15:46:37,325 [Worker-69] INFO  o.e.m.c.i.embedder.EclipseLogger - skip non existing resourceDirectory D:\JAVA\仓库\OSALS\201708044206张成文\mvn_command\mvn_command\src\test\resources
2019-04-21 15:46:38,073 [Worker-69] INFO  o.e.m.c.i.embedder.EclipseLogger - Using 'UTF-8' encoding to copy filtered resources.
2019-04-21 15:46:38,073 [Worker-69] INFO  o.e.m.c.i.embedder.EclipseLogger - skip non existing resourceDirectory D:\JAVA\仓库\OSALS\201708044206张成文\HelloFriend\src\main\resources
2019-04-21 15:46:38,074 [Worker-69] INFO  o.e.m.c.i.embedder.EclipseLogger - Using 'UTF-8' encoding to copy filtered resources.
2019-04-21 15:46:38,074 [Worker-69] INFO  o.e.m.c.i.embedder.EclipseLogger - skip non existing resourceDirectory D:\JAVA\仓库\OSALS\201708044206张成文\HelloFriend\src\test\resources
2019-04-21 15:46:38,088 [Worker-69] WARN  o.e.m.c.i.embedder.EclipseLogger - Using platform encoding (GBK actually) to copy filtered resources, i.e. build is platform dependent!
2019-04-21 15:46:38,089 [Worker-69] INFO  o.e.m.c.i.embedder.EclipseLogger - Copying 0 resource
2019-04-21 15:46:38,091 [Worker-69] WARN  o.e.m.c.i.embedder.EclipseLogger - Using platform encoding (GBK actually) to copy filtered resources, i.e. build is platform dependent!
2019-04-21 15:46:38,092 [Worker-69] INFO  o.e.m.c.i.embedder.EclipseLogger - Copying 0 resource
2019-04-21 15:49:01,836 [Worker-68] INFO  o.e.m.c.i.l.LifecycleMappingFactory - Using org.eclipse.m2e.jdt.JarLifecycleMapping lifecycle mapping for MavenProject: com.zcw:mvn_command:0.0.1-SNAPSHOT @ D:\JAVA\仓库\OSALS\201708044206张成文\mvn_command\mvn_command\pom.xml.
2019-04-21 15:49:01,903 [Worker-68] INFO  o.e.m.c.i.embedder.EclipseLogger - Using 'UTF-8' encoding to copy filtered resources.
2019-04-21 15:49:01,903 [Worker-68] INFO  o.e.m.c.i.embedder.EclipseLogger - Copying 0 resource
2019-04-21 15:49:01,905 [Worker-68] INFO  o.e.m.c.i.embedder.EclipseLogger - Using 'UTF-8' encoding to copy filtered resources.
2019-04-21 15:49:01,906 [Worker-68] INFO  o.e.m.c.i.embedder.EclipseLogger - skip non existing resourceDirectory D:\JAVA\仓库\OSALS\201708044206张成文\mvn_command\mvn_command\src\test\resources
2019-04-21 15:49:51,499 [Worker-69] INFO  o.e.m.c.i.l.LifecycleMappingFactory - Using org.eclipse.m2e.jdt.JarLifecycleMapping lifecycle mapping for MavenProject: com.zcw:HelloFriend:0.0.1-SNAPSHOT @ D:\JAVA\仓库\OSALS\201708044206张成文\HelloFriend\pom.xml.
2019-04-21 15:49:51,663 [Worker-69] INFO  o.e.m.c.i.l.LifecycleMappingFactory - Using org.eclipse.m2e.jdt.JarLifecycleMapping lifecycle mapping for MavenProject: com.zcw.maven:MakeFriends:0.0.1-SNAPSHOT @ D:\JAVA\仓库\OSALS\201708044206张成文\MakeFriends\pom.xml.
2019-04-21 15:49:51,795 [Worker-69] INFO  o.e.m.c.i.embedder.EclipseLogger - Using 'UTF-8' encoding to copy filtered resources.
2019-04-21 15:49:51,795 [Worker-69] INFO  o.e.m.c.i.embedder.EclipseLogger - skip non existing resourceDirectory D:\JAVA\仓库\OSALS\201708044206张成文\HelloFriend\src\main\resources
2019-04-21 15:49:51,796 [Worker-69] INFO  o.e.m.c.i.embedder.EclipseLogger - Using 'UTF-8' encoding to copy filtered resources.
2019-04-21 15:49:51,797 [Worker-69] INFO  o.e.m.c.i.embedder.EclipseLogger - skip non existing resourceDirectory D:\JAVA\仓库\OSALS\201708044206张成文\HelloFriend\src\test\resources
2019-04-21 15:49:51,866 [Worker-69] WARN  o.e.m.c.i.embedder.EclipseLogger - Using platform encoding (GBK actually) to copy filtered resources, i.e. build is platform dependent!
2019-04-21 15:49:51,868 [Worker-69] INFO  o.e.m.c.i.embedder.EclipseLogger - Copying 0 resource
2019-04-21 15:49:51,869 [Worker-69] WARN  o.e.m.c.i.embedder.EclipseLogger - Using platform encoding (GBK actually) to copy filtered resources, i.e. build is platform dependent!
2019-04-21 15:49:51,870 [Worker-69] INFO  o.e.m.c.i.embedder.EclipseLogger - Copying 0 resource
2019-04-21 15:50:08,765 [Worker-69] INFO  o.e.m.c.i.l.LifecycleMappingFactory - Using org.eclipse.m2e.jdt.JarLifecycleMapping lifecycle mapping for MavenProject: com.zcw.maven:MakeFriends:0.0.1-SNAPSHOT @ D:\JAVA\仓库\OSALS\201708044206张成文\MakeFriends\pom.xml.
2019-04-21 15:50:08,854 [Worker-69] WARN  o.e.m.c.i.embedder.EclipseLogger - Using platform encoding (GBK actually) to copy filtered resources, i.e. build is platform dependent!
2019-04-21 15:50:08,855 [Worker-69] INFO  o.e.m.c.i.embedder.EclipseLogger - Copying 0 resource
2019-04-21 15:50:08,856 [Worker-69] WARN  o.e.m.c.i.embedder.EclipseLogger - Using platform encoding (GBK actually) to copy filtered resources, i.e. build is platform dependent!
2019-04-21 15:50:08,858 [Worker-69] INFO  o.e.m.c.i.embedder.EclipseLogger - Copying 0 resource
2019-04-21 15:55:34,851 [Worker-70] INFO  o.e.m.c.i.l.LifecycleMappingFactory - Using NULL lifecycle mapping for MavenProject: com.zcw.maven:Parent:0.0.1-SNAPSHOT @ D:\JAVA\仓库\OSALS\201708044206张成文\Parent\pom.xml.
2019-04-21 15:55:35,657 [Worker-70] INFO  o.e.m.c.i.l.LifecycleMappingFactory - Using org.eclipse.m2e.jdt.JarLifecycleMapping lifecycle mapping for MavenProject: com.zcw:mvn_command:0.0.1-SNAPSHOT @ D:\JAVA\仓库\OSALS\201708044206张成文\mvn_command\mvn_command\pom.xml.
2019-04-21 15:55:35,761 [Worker-70] INFO  o.e.m.c.i.l.LifecycleMappingFactory - Using org.eclipse.m2e.jdt.JarLifecycleMapping lifecycle mapping for MavenProject: com.zcw:HelloFriend:0.0.1-SNAPSHOT @ D:\JAVA\仓库\OSALS\201708044206张成文\HelloFriend\pom.xml.
2019-04-21 15:55:35,852 [Worker-70] INFO  o.e.m.c.i.l.LifecycleMappingFactory - Using org.eclipse.m2e.jdt.JarLifecycleMapping lifecycle mapping for MavenProject: com.zcw.maven:MakeFriends:0.0.1-SNAPSHOT @ D:\JAVA\仓库\OSALS\201708044206张成文\MakeFriends\pom.xml.
2019-04-21 15:55:36,654 [Worker-70] INFO  o.e.m.c.i.embedder.EclipseLogger - Using 'UTF-8' encoding to copy filtered resources.
2019-04-21 15:55:36,657 [Worker-70] INFO  o.e.m.c.i.embedder.EclipseLogger - Copying 0 resource
2019-04-21 15:55:36,659 [Worker-70] INFO  o.e.m.c.i.embedder.EclipseLogger - Using 'UTF-8' encoding to copy filtered resources.
2019-04-21 15:55:36,660 [Worker-70] INFO  o.e.m.c.i.embedder.EclipseLogger - skip non existing resourceDirectory D:\JAVA\仓库\OSALS\201708044206张成文\mvn_command\mvn_command\src\test\resources
2019-04-21 15:55:37,239 [Worker-70] INFO  o.e.m.c.i.embedder.EclipseLogger - Using 'UTF-8' encoding to copy filtered resources.
2019-04-21 15:55:37,239 [Worker-70] INFO  o.e.m.c.i.embedder.EclipseLogger - skip non existing resourceDirectory D:\JAVA\仓库\OSALS\201708044206张成文\HelloFriend\src\main\resources
2019-04-21 15:55:37,239 [Worker-70] INFO  o.e.m.c.i.embedder.EclipseLogger - Using 'UTF-8' encoding to copy filtered resources.
2019-04-21 15:55:37,239 [Worker-70] INFO  o.e.m.c.i.embedder.EclipseLogger - skip non existing resourceDirectory D:\JAVA\仓库\OSALS\201708044206张成文\HelloFriend\src\test\resources
2019-04-21 15:55:37,262 [Worker-70] WARN  o.e.m.c.i.embedder.EclipseLogger - Using platform encoding (GBK actually) to copy filtered resources, i.e. build is platform dependent!
2019-04-21 15:55:37,263 [Worker-70] INFO  o.e.m.c.i.embedder.EclipseLogger - Copying 0 resource
2019-04-21 15:55:37,264 [Worker-70] WARN  o.e.m.c.i.embedder.EclipseLogger - Using platform encoding (GBK actually) to copy filtered resources, i.e. build is platform dependent!
2019-04-21 15:55:37,266 [Worker-70] INFO  o.e.m.c.i.embedder.EclipseLogger - Copying 0 resource
2019-04-21 15:56:07,996 [Worker-74] INFO  o.e.m.c.i.l.LifecycleMappingFactory - Using NULL lifecycle mapping for MavenProject: com.zcw.maven:Parent:0.0.1-SNAPSHOT @ D:\JAVA\仓库\OSALS\201708044206张成文\Parent\pom.xml.
2019-04-21 15:56:08,685 [Worker-74] INFO  o.e.m.c.i.l.LifecycleMappingFactory - Using org.eclipse.m2e.jdt.JarLifecycleMapping lifecycle mapping for MavenProject: com.zcw:mvn_command:0.0.1-SNAPSHOT @ D:\JAVA\仓库\OSALS\201708044206张成文\mvn_command\mvn_command\pom.xml.
2019-04-21 15:56:08,762 [Worker-74] INFO  o.e.m.c.i.l.LifecycleMappingFactory - Using org.eclipse.m2e.jdt.JarLifecycleMapping lifecycle mapping for MavenProject: com.zcw.maven:MakeFriends:0.0.1-SNAPSHOT @ D:\JAVA\仓库\OSALS\201708044206张成文\MakeFriends\pom.xml.
2019-04-21 15:56:08,843 [Worker-74] INFO  o.e.m.c.i.l.LifecycleMappingFactory - Using org.eclipse.m2e.jdt.JarLifecycleMapping lifecycle mapping for MavenProject: com.zcw:HelloFriend:0.0.1-SNAPSHOT @ D:\JAVA\仓库\OSALS\201708044206张成文\HelloFriend\pom.xml.
2019-04-21 15:56:09,561 [Worker-74] INFO  o.e.m.c.i.embedder.EclipseLogger - Using 'UTF-8' encoding to copy filtered resources.
2019-04-21 15:56:09,564 [Worker-74] INFO  o.e.m.c.i.embedder.EclipseLogger - Copying 0 resource
2019-04-21 15:56:09,566 [Worker-74] INFO  o.e.m.c.i.embedder.EclipseLogger - Using 'UTF-8' encoding to copy filtered resources.
2019-04-21 15:56:09,567 [Worker-74] INFO  o.e.m.c.i.embedder.EclipseLogger - skip non existing resourceDirectory D:\JAVA\仓库\OSALS\201708044206张成文\mvn_command\mvn_command\src\test\resources
2019-04-21 15:56:09,617 [Worker-74] INFO  o.e.m.c.i.embedder.EclipseLogger - Using 'UTF-8' encoding to copy filtered resources.
2019-04-21 15:56:09,617 [Worker-74] INFO  o.e.m.c.i.embedder.EclipseLogger - skip non existing resourceDirectory D:\JAVA\仓库\OSALS\201708044206张成文\HelloFriend\src\main\resources
2019-04-21 15:56:09,618 [Worker-74] INFO  o.e.m.c.i.embedder.EclipseLogger - Using 'UTF-8' encoding to copy filtered resources.
2019-04-21 15:56:09,619 [Worker-74] INFO  o.e.m.c.i.embedder.EclipseLogger - skip non existing resourceDirectory D:\JAVA\仓库\OSALS\201708044206张成文\HelloFriend\src\test\resources
2019-04-21 15:56:09,658 [Worker-74] WARN  o.e.m.c.i.embedder.EclipseLogger - Using platform encoding (GBK actually) to copy filtered resources, i.e. build is platform dependent!
2019-04-21 15:56:09,660 [Worker-74] INFO  o.e.m.c.i.embedder.EclipseLogger - Copying 0 resource
2019-04-21 15:56:09,661 [Worker-74] WARN  o.e.m.c.i.embedder.EclipseLogger - Using platform encoding (GBK actually) to copy filtered resources, i.e. build is platform dependent!
2019-04-21 15:56:09,662 [Worker-74] INFO  o.e.m.c.i.embedder.EclipseLogger - Copying 0 resource
2019-04-21 15:59:57,551 [Worker-75] INFO  o.e.m.c.i.l.LifecycleMappingFactory - Using org.eclipse.m2e.jdt.JarLifecycleMapping lifecycle mapping for MavenProject: com.zcw:mvn_command:0.0.1-SNAPSHOT @ D:\JAVA\仓库\OSALS\201708044206张成文\mvn_command\mvn_command\pom.xml.
2019-04-21 15:59:57,750 [Worker-75] INFO  o.e.m.c.i.l.LifecycleMappingFactory - Using org.eclipse.m2e.jdt.JarLifecycleMapping lifecycle mapping for MavenProject: com.zcw.maven:MakeFriends:0.0.1-SNAPSHOT @ D:\JAVA\仓库\OSALS\201708044206张成文\MakeFriends\pom.xml.
2019-04-21 15:59:57,849 [Worker-75] INFO  o.e.m.c.i.l.LifecycleMappingFactory - Using org.eclipse.m2e.jdt.JarLifecycleMapping lifecycle mapping for MavenProject: com.zcw:HelloFriend:0.0.1-SNAPSHOT @ D:\JAVA\仓库\OSALS\201708044206张成文\HelloFriend\pom.xml.
2019-04-21 15:59:58,065 [Worker-75] INFO  o.e.m.c.i.embedder.EclipseLogger - Using 'UTF-8' encoding to copy filtered resources.
2019-04-21 15:59:58,066 [Worker-75] INFO  o.e.m.c.i.embedder.EclipseLogger - Copying 0 resource
2019-04-21 15:59:58,067 [Worker-75] INFO  o.e.m.c.i.embedder.EclipseLogger - Using 'UTF-8' encoding to copy filtered resources.
2019-04-21 15:59:58,067 [Worker-75] INFO  o.e.m.c.i.embedder.EclipseLogger - skip non existing resourceDirectory D:\JAVA\仓库\OSALS\201708044206张成文\mvn_command\mvn_command\src\test\resources
2019-04-21 15:59:58,643 [Worker-75] INFO  o.e.m.c.i.l.LifecycleMappingFactory - Using org.eclipse.m2e.jdt.JarLifecycleMapping lifecycle mapping for MavenProject: com.zcw:HelloFriend:0.0.1-SNAPSHOT @ D:\JAVA\仓库\OSALS\201708044206张成文\HelloFriend\pom.xml.
2019-04-21 15:59:58,755 [Worker-75] INFO  o.e.m.c.i.embedder.EclipseLogger - Using 'UTF-8' encoding to copy filtered resources.
2019-04-21 15:59:58,755 [Worker-75] INFO  o.e.m.c.i.embedder.EclipseLogger - skip non existing resourceDirectory D:\JAVA\仓库\OSALS\201708044206张成文\HelloFriend\src\main\resources
2019-04-21 15:59:58,756 [Worker-75] INFO  o.e.m.c.i.embedder.EclipseLogger - Using 'UTF-8' encoding to copy filtered resources.
2019-04-21 15:59:58,756 [Worker-75] INFO  o.e.m.c.i.embedder.EclipseLogger - skip non existing resourceDirectory D:\JAVA\仓库\OSALS\201708044206张成文\HelloFriend\src\test\resources
2019-04-21 15:59:58,873 [Worker-75] INFO  o.e.m.c.i.l.LifecycleMappingFactory - Using org.eclipse.m2e.jdt.JarLifecycleMapping lifecycle mapping for MavenProject: com.zcw.maven:MakeFriends:0.0.1-SNAPSHOT @ D:\JAVA\仓库\OSALS\201708044206张成文\MakeFriends\pom.xml.
2019-04-21 15:59:58,968 [Worker-75] WARN  o.e.m.c.i.embedder.EclipseLogger - Using platform encoding (GBK actually) to copy filtered resources, i.e. build is platform dependent!
2019-04-21 15:59:58,970 [Worker-75] INFO  o.e.m.c.i.embedder.EclipseLogger - Copying 0 resource
2019-04-21 15:59:58,972 [Worker-75] WARN  o.e.m.c.i.embedder.EclipseLogger - Using platform encoding (GBK actually) to copy filtered resources, i.e. build is platform dependent!
2019-04-21 15:59:58,973 [Worker-75] INFO  o.e.m.c.i.embedder.EclipseLogger - Copying 0 resource
2019-04-21 16:00:00,130 [Worker-74] INFO  o.e.m.c.i.embedder.EclipseLogger - Using 'UTF-8' encoding to copy filtered resources.
2019-04-21 16:00:00,131 [Worker-74] INFO  o.e.m.c.i.embedder.EclipseLogger - Copying 0 resource
2019-04-21 16:00:00,134 [Worker-74] INFO  o.e.m.c.i.embedder.EclipseLogger - Using 'UTF-8' encoding to copy filtered resources.
2019-04-21 16:00:00,134 [Worker-74] INFO  o.e.m.c.i.embedder.EclipseLogger - skip non existing resourceDirectory D:\JAVA\仓库\OSALS\201708044206张成文\mvn_command\mvn_command\src\test\resources
2019-04-21 16:00:00,269 [Worker-74] INFO  o.e.m.c.i.embedder.EclipseLogger - Using 'UTF-8' encoding to copy filtered resources.
2019-04-21 16:00:00,269 [Worker-74] INFO  o.e.m.c.i.embedder.EclipseLogger - skip non existing resourceDirectory D:\JAVA\仓库\OSALS\201708044206张成文\HelloFriend\src\main\resources
2019-04-21 16:00:00,272 [Worker-74] INFO  o.e.m.c.i.embedder.EclipseLogger - Using 'UTF-8' encoding to copy filtered resources.
2019-04-21 16:00:00,273 [Worker-74] INFO  o.e.m.c.i.embedder.EclipseLogger - skip non existing resourceDirectory D:\JAVA\仓库\OSALS\201708044206张成文\HelloFriend\src\test\resources
2019-04-21 16:00:00,347 [Worker-74] WARN  o.e.m.c.i.embedder.EclipseLogger - Using platform encoding (GBK actually) to copy filtered resources, i.e. build is platform dependent!
2019-04-21 16:00:00,349 [Worker-74] INFO  o.e.m.c.i.embedder.EclipseLogger - Copying 0 resource
2019-04-21 16:00:00,350 [Worker-74] WARN  o.e.m.c.i.embedder.EclipseLogger - Using platform encoding (GBK actually) to copy filtered resources, i.e. build is platform dependent!
2019-04-21 16:00:00,352 [Worker-74] INFO  o.e.m.c.i.embedder.EclipseLogger - Copying 0 resource
2019-04-21 16:02:43,149 [Worker-78] INFO  o.e.m.c.i.l.LifecycleMappingFactory - Using NULL lifecycle mapping for MavenProject: com.zcw.maven:Parent:0.0.1-SNAPSHOT @ D:\JAVA\仓库\OSALS\201708044206张成文\Parent\pom.xml.
2019-04-21 16:02:43,833 [Worker-78] INFO  o.e.m.c.i.l.LifecycleMappingFactory - Using org.eclipse.m2e.jdt.JarLifecycleMapping lifecycle mapping for MavenProject: com.zcw:mvn_command:0.0.1-SNAPSHOT @ D:\JAVA\仓库\OSALS\201708044206张成文\mvn_command\mvn_command\pom.xml.
2019-04-21 16:02:46,471 [Worker-78] INFO  o.e.m.c.i.l.LifecycleMappingFactory - Using org.eclipse.m2e.jdt.JarLifecycleMapping lifecycle mapping for MavenProject: com.zcw:HelloFriend:0.0.1-SNAPSHOT @ D:\JAVA\仓库\OSALS\201708044206张成文\HelloFriend\pom.xml.
2019-04-21 16:02:46,549 [Worker-78] INFO  o.e.m.c.i.l.LifecycleMappingFactory - Using org.eclipse.m2e.jdt.JarLifecycleMapping lifecycle mapping for MavenProject: com.zcw.maven:MakeFriends:0.0.1-SNAPSHOT @ D:\JAVA\仓库\OSALS\201708044206张成文\MakeFriends\pom.xml.
2019-04-21 16:02:47,217 [Worker-78] INFO  o.e.m.c.i.embedder.EclipseLogger - Using 'UTF-8' encoding to copy filtered resources.
2019-04-21 16:02:47,220 [Worker-78] INFO  o.e.m.c.i.embedder.EclipseLogger - Copying 0 resource
2019-04-21 16:02:47,222 [Worker-78] INFO  o.e.m.c.i.embedder.EclipseLogger - Using 'UTF-8' encoding to copy filtered resources.
2019-04-21 16:02:47,223 [Worker-78] INFO  o.e.m.c.i.embedder.EclipseLogger - skip non existing resourceDirectory D:\JAVA\仓库\OSALS\201708044206张成文\mvn_command\mvn_command\src\test\resources
2019-04-21 16:02:47,761 [Worker-78] INFO  o.e.m.c.i.embedder.EclipseLogger - Using 'UTF-8' encoding to copy filtered resources.
2019-04-21 16:02:47,761 [Worker-78] INFO  o.e.m.c.i.embedder.EclipseLogger - skip non existing resourceDirectory D:\JAVA\仓库\OSALS\201708044206张成文\HelloFriend\src\main\resources
2019-04-21 16:02:47,762 [Worker-78] INFO  o.e.m.c.i.embedder.EclipseLogger - Using 'UTF-8' encoding to copy filtered resources.
2019-04-21 16:02:47,762 [Worker-78] INFO  o.e.m.c.i.embedder.EclipseLogger - skip non existing resourceDirectory D:\JAVA\仓库\OSALS\201708044206张成文\HelloFriend\src\test\resources
2019-04-21 16:02:47,834 [Worker-78] WARN  o.e.m.c.i.embedder.EclipseLogger - Using platform encoding (GBK actually) to copy filtered resources, i.e. build is platform dependent!
2019-04-21 16:02:47,835 [Worker-78] INFO  o.e.m.c.i.embedder.EclipseLogger - Copying 0 resource
2019-04-21 16:02:47,837 [Worker-78] WARN  o.e.m.c.i.embedder.EclipseLogger - Using platform encoding (GBK actually) to copy filtered resources, i.e. build is platform dependent!
2019-04-21 16:02:47,839 [Worker-78] INFO  o.e.m.c.i.embedder.EclipseLogger - Copying 0 resource
2019-04-21 16:03:57,478 [Worker-75] INFO  o.e.m.c.i.l.LifecycleMappingFactory - Using org.eclipse.m2e.jdt.JarLifecycleMapping lifecycle mapping for MavenProject: com.zcw:mvn_command:0.0.1-SNAPSHOT @ D:\JAVA\仓库\OSALS\201708044206张成文\mvn_command\mvn_command\pom.xml.
2019-04-21 16:03:57,563 [Worker-75] INFO  o.e.m.c.i.l.LifecycleMappingFactory - Using org.eclipse.m2e.jdt.JarLifecycleMapping lifecycle mapping for MavenProject: com.zcw.maven:MakeFriends:0.0.1-SNAPSHOT @ D:\JAVA\仓库\OSALS\201708044206张成文\MakeFriends\pom.xml.
2019-04-21 16:03:57,632 [Worker-75] INFO  o.e.m.c.i.l.LifecycleMappingFactory - Using org.eclipse.m2e.jdt.JarLifecycleMapping lifecycle mapping for MavenProject: com.zcw:HelloFriend:0.0.1-SNAPSHOT @ D:\JAVA\仓库\OSALS\201708044206张成文\HelloFriend\pom.xml.
2019-04-21 16:03:57,759 [Worker-75] INFO  o.e.m.c.i.embedder.EclipseLogger - Using 'UTF-8' encoding to copy filtered resources.
2019-04-21 16:03:57,760 [Worker-75] INFO  o.e.m.c.i.embedder.EclipseLogger - Copying 0 resource
2019-04-21 16:03:57,761 [Worker-75] INFO  o.e.m.c.i.embedder.EclipseLogger - Using 'UTF-8' encoding to copy filtered resources.
2019-04-21 16:03:57,761 [Worker-75] INFO  o.e.m.c.i.embedder.EclipseLogger - skip non existing resourceDirectory D:\JAVA\仓库\OSALS\201708044206张成文\mvn_command\mvn_command\src\test\resources
2019-04-21 16:03:57,834 [Worker-75] INFO  o.e.m.c.i.l.LifecycleMappingFactory - Using org.eclipse.m2e.jdt.JarLifecycleMapping lifecycle mapping for MavenProject: com.zcw:HelloFriend:0.0.1-SNAPSHOT @ D:\JAVA\仓库\OSALS\201708044206张成文\HelloFriend\pom.xml.
2019-04-21 16:03:57,920 [Worker-75] INFO  o.e.m.c.i.l.LifecycleMappingFactory - Using org.eclipse.m2e.jdt.JarLifecycleMapping lifecycle mapping for MavenProject: com.zcw.maven:MakeFriends:0.0.1-SNAPSHOT @ D:\JAVA\仓库\OSALS\201708044206张成文\MakeFriends\pom.xml.
2019-04-21 16:03:58,037 [Worker-75] INFO  o.e.m.c.i.embedder.EclipseLogger - Using 'UTF-8' encoding to copy filtered resources.
2019-04-21 16:03:58,038 [Worker-75] INFO  o.e.m.c.i.embedder.EclipseLogger - skip non existing resourceDirectory D:\JAVA\仓库\OSALS\201708044206张成文\HelloFriend\src\main\resources
2019-04-21 16:03:58,039 [Worker-75] INFO  o.e.m.c.i.embedder.EclipseLogger - Using 'UTF-8' encoding to copy filtered resources.
2019-04-21 16:03:58,039 [Worker-75] INFO  o.e.m.c.i.embedder.EclipseLogger - skip non existing resourceDirectory D:\JAVA\仓库\OSALS\201708044206张成文\HelloFriend\src\test\resources
2019-04-21 16:03:58,098 [Worker-75] WARN  o.e.m.c.i.embedder.EclipseLogger - Using platform encoding (GBK actually) to copy filtered resources, i.e. build is platform dependent!
2019-04-21 16:03:58,100 [Worker-75] INFO  o.e.m.c.i.embedder.EclipseLogger - Copying 0 resource
2019-04-21 16:03:58,100 [Worker-75] WARN  o.e.m.c.i.embedder.EclipseLogger - Using platform encoding (GBK actually) to copy filtered resources, i.e. build is platform dependent!
2019-04-21 16:03:58,102 [Worker-75] INFO  o.e.m.c.i.embedder.EclipseLogger - Copying 0 resource
2019-04-21 16:03:59,199 [Worker-75] INFO  o.e.m.c.i.embedder.EclipseLogger - Using 'UTF-8' encoding to copy filtered resources.
2019-04-21 16:03:59,200 [Worker-75] INFO  o.e.m.c.i.embedder.EclipseLogger - Copying 0 resource
2019-04-21 16:03:59,201 [Worker-75] INFO  o.e.m.c.i.embedder.EclipseLogger - Using 'UTF-8' encoding to copy filtered resources.
2019-04-21 16:03:59,201 [Worker-75] INFO  o.e.m.c.i.embedder.EclipseLogger - skip non existing resourceDirectory D:\JAVA\仓库\OSALS\201708044206张成文\mvn_command\mvn_command\src\test\resources
2019-04-21 16:03:59,307 [Worker-75] INFO  o.e.m.c.i.embedder.EclipseLogger - Using 'UTF-8' encoding to copy filtered resources.
2019-04-21 16:03:59,307 [Worker-75] INFO  o.e.m.c.i.embedder.EclipseLogger - skip non existing resourceDirectory D:\JAVA\仓库\OSALS\201708044206张成文\HelloFriend\src\main\resources
2019-04-21 16:03:59,310 [Worker-75] INFO  o.e.m.c.i.embedder.EclipseLogger - Using 'UTF-8' encoding to copy filtered resources.
2019-04-21 16:03:59,310 [Worker-75] INFO  o.e.m.c.i.embedder.EclipseLogger - skip non existing resourceDirectory D:\JAVA\仓库\OSALS\201708044206张成文\HelloFriend\src\test\resources
2019-04-21 16:06:07,987 [Worker-74] INFO  o.e.m.i.launch.MavenLaunchDelegate - D:\JAVA\仓库\OSALS\201708044206张成文\Parent
2019-04-21 16:06:07,988 [Worker-74] INFO  o.e.m.i.launch.MavenLaunchDelegate -  mvn  -B -s D:\JAVA\apache-maven-3.6.1\conf\settings.xml install
2019-04-21 16:09:55,828 [Worker-66] INFO  o.e.m.c.i.l.LifecycleMappingFactory - Using NULL lifecycle mapping for MavenProject: com.zcw.maven:Parent:0.0.1-SNAPSHOT @ D:\JAVA\仓库\OSALS\201708044206张成文\Parent\pom.xml.
2019-04-21 16:09:56,538 [Worker-66] INFO  o.e.m.c.i.l.LifecycleMappingFactory - Using org.eclipse.m2e.jdt.JarLifecycleMapping lifecycle mapping for MavenProject: com.zcw:mvn_command:0.0.1-SNAPSHOT @ D:\JAVA\仓库\OSALS\201708044206张成文\mvn_command\mvn_command\pom.xml.
2019-04-21 16:09:56,643 [Worker-66] INFO  o.e.m.c.i.l.LifecycleMappingFactory - Using org.eclipse.m2e.jdt.JarLifecycleMapping lifecycle mapping for MavenProject: com.zcw:HelloFriend:0.0.1-SNAPSHOT @ D:\JAVA\仓库\OSALS\201708044206张成文\HelloFriend\pom.xml.
2019-04-21 16:09:56,717 [Worker-66] INFO  o.e.m.c.i.l.LifecycleMappingFactory - Using org.eclipse.m2e.jdt.JarLifecycleMapping lifecycle mapping for MavenProject: com.zcw.maven:MakeFriends:0.0.1-SNAPSHOT @ D:\JAVA\仓库\OSALS\201708044206张成文\MakeFriends\pom.xml.
2019-04-21 16:09:57,460 [Worker-66] INFO  o.e.m.c.i.embedder.EclipseLogger - Using 'UTF-8' encoding to copy filtered resources.
2019-04-21 16:09:57,463 [Worker-66] INFO  o.e.m.c.i.embedder.EclipseLogger - Copying 0 resource
2019-04-21 16:09:57,466 [Worker-66] INFO  o.e.m.c.i.embedder.EclipseLogger - Using 'UTF-8' encoding to copy filtered resources.
2019-04-21 16:09:57,466 [Worker-66] INFO  o.e.m.c.i.embedder.EclipseLogger - skip non existing resourceDirectory D:\JAVA\仓库\OSALS\201708044206张成文\mvn_command\mvn_command\src\test\resources
2019-04-21 16:09:57,517 [Worker-66] INFO  o.e.m.c.i.embedder.EclipseLogger - Using 'UTF-8' encoding to copy filtered resources.
2019-04-21 16:09:57,518 [Worker-66] INFO  o.e.m.c.i.embedder.EclipseLogger - skip non existing resourceDirectory D:\JAVA\仓库\OSALS\201708044206张成文\HelloFriend\src\main\resources
2019-04-21 16:09:57,519 [Worker-66] INFO  o.e.m.c.i.embedder.EclipseLogger - Using 'UTF-8' encoding to copy filtered resources.
2019-04-21 16:09:57,519 [Worker-66] INFO  o.e.m.c.i.embedder.EclipseLogger - skip non existing resourceDirectory D:\JAVA\仓库\OSALS\201708044206张成文\HelloFriend\src\test\resources
2019-04-21 16:09:57,558 [Worker-66] WARN  o.e.m.c.i.embedder.EclipseLogger - Using platform encoding (GBK actually) to copy filtered resources, i.e. build is platform dependent!
2019-04-21 16:09:57,559 [Worker-66] INFO  o.e.m.c.i.embedder.EclipseLogger - Copying 0 resource
2019-04-21 16:09:57,560 [Worker-66] WARN  o.e.m.c.i.embedder.EclipseLogger - Using platform encoding (GBK actually) to copy filtered resources, i.e. build is platform dependent!
2019-04-21 16:09:57,561 [Worker-66] INFO  o.e.m.c.i.embedder.EclipseLogger - Copying 0 resource
2019-04-21 16:10:34,170 [Worker-85] INFO  o.e.m.c.i.l.LifecycleMappingFactory - Using NULL lifecycle mapping for MavenProject: com.zcw.maven:Parent:0.0.1-SNAPSHOT @ D:\JAVA\仓库\OSALS\201708044206张成文\Parent\pom.xml.
2019-04-21 16:10:34,959 [Worker-85] INFO  o.e.m.c.i.l.LifecycleMappingFactory - Using org.eclipse.m2e.jdt.JarLifecycleMapping lifecycle mapping for MavenProject: com.zcw:mvn_command:0.0.1-SNAPSHOT @ D:\JAVA\仓库\OSALS\201708044206张成文\mvn_command\mvn_command\pom.xml.
2019-04-21 16:10:35,036 [Worker-85] INFO  o.e.m.c.i.l.LifecycleMappingFactory - Using org.eclipse.m2e.jdt.JarLifecycleMapping lifecycle mapping for MavenProject: com.zcw.maven:MakeFriends:0.0.1-SNAPSHOT @ D:\JAVA\仓库\OSALS\201708044206张成文\MakeFriends\pom.xml.
2019-04-21 16:10:35,104 [Worker-85] INFO  o.e.m.c.i.l.LifecycleMappingFactory - Using org.eclipse.m2e.jdt.JarLifecycleMapping lifecycle mapping for MavenProject: com.zcw:HelloFriend:0.0.1-SNAPSHOT @ D:\JAVA\仓库\OSALS\201708044206张成文\HelloFriend\pom.xml.
2019-04-21 16:10:35,804 [Worker-85] INFO  o.e.m.c.i.embedder.EclipseLogger - Using 'UTF-8' encoding to copy filtered resources.
2019-04-21 16:10:35,808 [Worker-85] INFO  o.e.m.c.i.embedder.EclipseLogger - Copying 0 resource
2019-04-21 16:10:35,809 [Worker-85] INFO  o.e.m.c.i.embedder.EclipseLogger - Using 'UTF-8' encoding to copy filtered resources.
2019-04-21 16:10:35,810 [Worker-85] INFO  o.e.m.c.i.embedder.EclipseLogger - skip non existing resourceDirectory D:\JAVA\仓库\OSALS\201708044206张成文\mvn_command\mvn_command\src\test\resources
2019-04-21 16:10:35,865 [Worker-85] INFO  o.e.m.c.i.embedder.EclipseLogger - Using 'UTF-8' encoding to copy filtered resources.
2019-04-21 16:10:35,865 [Worker-85] INFO  o.e.m.c.i.embedder.EclipseLogger - skip non existing resourceDirectory D:\JAVA\仓库\OSALS\201708044206张成文\HelloFriend\src\main\resources
2019-04-21 16:10:35,867 [Worker-85] INFO  o.e.m.c.i.embedder.EclipseLogger - Using 'UTF-8' encoding to copy filtered resources.
2019-04-21 16:10:35,867 [Worker-85] INFO  o.e.m.c.i.embedder.EclipseLogger - skip non existing resourceDirectory D:\JAVA\仓库\OSALS\201708044206张成文\HelloFriend\src\test\resources
2019-04-21 16:10:35,910 [Worker-85] WARN  o.e.m.c.i.embedder.EclipseLogger - Using platform encoding (GBK actually) to copy filtered resources, i.e. build is platform dependent!
2019-04-21 16:10:35,911 [Worker-85] INFO  o.e.m.c.i.embedder.EclipseLogger - Copying 0 resource
2019-04-21 16:10:35,913 [Worker-85] WARN  o.e.m.c.i.embedder.EclipseLogger - Using platform encoding (GBK actually) to copy filtered resources, i.e. build is platform dependent!
2019-04-21 16:10:35,915 [Worker-85] INFO  o.e.m.c.i.embedder.EclipseLogger - Copying 0 resource
2019-04-21 16:11:59,745 [Worker-88] INFO  o.e.m.i.launch.MavenLaunchDelegate - D:\JAVA\仓库\OSALS\201708044206张成文\Parent
2019-04-21 16:11:59,745 [Worker-88] INFO  o.e.m.i.launch.MavenLaunchDelegate -  mvn  -B -s D:\JAVA\apache-maven-3.6.1\conf\settings.xml install
2019-04-21 16:13:31,624 [Worker-90] INFO  o.e.m.i.launch.MavenLaunchDelegate - D:\JAVA\仓库\OSALS\201708044206张成文\Parent
2019-04-21 16:13:31,624 [Worker-90] INFO  o.e.m.i.launch.MavenLaunchDelegate -  mvn  -B -s D:\JAVA\apache-maven-3.6.1\conf\settings.xml install
2019-04-21 16:14:39,441 [Worker-91] INFO  o.e.m.c.i.l.LifecycleMappingFactory - Using NULL lifecycle mapping for MavenProject: com.zcw.maven:Parent:0.0.1-SNAPSHOT @ D:\JAVA\仓库\OSALS\201708044206张成文\Parent\pom.xml.
2019-04-21 16:14:40,221 [Worker-91] INFO  o.e.m.c.i.l.LifecycleMappingFactory - Using org.eclipse.m2e.jdt.JarLifecycleMapping lifecycle mapping for MavenProject: com.zcw:mvn_command:0.0.1-SNAPSHOT @ D:\JAVA\仓库\OSALS\201708044206张成文\mvn_command\mvn_command\pom.xml.
2019-04-21 16:14:40,319 [Worker-91] INFO  o.e.m.c.i.l.LifecycleMappingFactory - Using org.eclipse.m2e.jdt.JarLifecycleMapping lifecycle mapping for MavenProject: com.zcw.maven:MakeFriends:0.0.1-SNAPSHOT @ D:\JAVA\仓库\OSALS\201708044206张成文\MakeFriends\pom.xml.
2019-04-21 16:14:40,397 [Worker-91] INFO  o.e.m.c.i.l.LifecycleMappingFactory - Using org.eclipse.m2e.jdt.JarLifecycleMapping lifecycle mapping for MavenProject: com.zcw:HelloFriend:0.0.1-SNAPSHOT @ D:\JAVA\仓库\OSALS\201708044206张成文\HelloFriend\pom.xml.
2019-04-21 16:14:41,146 [Worker-91] INFO  o.e.m.c.i.embedder.EclipseLogger - Using 'UTF-8' encoding to copy filtered resources.
2019-04-21 16:14:41,149 [Worker-91] INFO  o.e.m.c.i.embedder.EclipseLogger - Copying 0 resource
2019-04-21 16:14:41,151 [Worker-91] INFO  o.e.m.c.i.embedder.EclipseLogger - Using 'UTF-8' encoding to copy filtered resources.
2019-04-21 16:14:41,151 [Worker-91] INFO  o.e.m.c.i.embedder.EclipseLogger - skip non existing resourceDirectory D:\JAVA\仓库\OSALS\201708044206张成文\mvn_command\mvn_command\src\test\resources
2019-04-21 16:14:41,199 [Worker-91] INFO  o.e.m.c.i.embedder.EclipseLogger - Using 'UTF-8' encoding to copy filtered resources.
2019-04-21 16:14:41,200 [Worker-91] INFO  o.e.m.c.i.embedder.EclipseLogger - skip non existing resourceDirectory D:\JAVA\仓库\OSALS\201708044206张成文\HelloFriend\src\main\resources
2019-04-21 16:14:41,201 [Worker-91] INFO  o.e.m.c.i.embedder.EclipseLogger - Using 'UTF-8' encoding to copy filtered resources.
2019-04-21 16:14:41,201 [Worker-91] INFO  o.e.m.c.i.embedder.EclipseLogger - skip non existing resourceDirectory D:\JAVA\仓库\OSALS\201708044206张成文\HelloFriend\src\test\resources
2019-04-21 16:14:41,235 [Worker-91] WARN  o.e.m.c.i.embedder.EclipseLogger - Using platform encoding (GBK actually) to copy filtered resources, i.e. build is platform dependent!
2019-04-21 16:14:41,236 [Worker-91] INFO  o.e.m.c.i.embedder.EclipseLogger - Copying 0 resource
2019-04-21 16:14:41,237 [Worker-91] WARN  o.e.m.c.i.embedder.EclipseLogger - Using platform encoding (GBK actually) to copy filtered resources, i.e. build is platform dependent!
2019-04-21 16:14:41,238 [Worker-91] INFO  o.e.m.c.i.embedder.EclipseLogger - Copying 0 resource
2019-04-21 16:20:26,190 [Worker-95] INFO  o.e.m.c.i.l.LifecycleMappingFactory - Using org.maven.ide.eclipse.wtp.WarLifecycleMapping lifecycle mapping for MavenProject: com.zcw.web:WebProjct02:0.0.1-SNAPSHOT @ D:\JAVA\仓库\OSALS\201708044206张成文\WebProjct02\pom.xml.
2019-04-21 16:20:27,072 [Worker-95] WARN  o.e.m.c.i.embedder.EclipseLogger - Using platform encoding (GBK actually) to copy filtered resources, i.e. build is platform dependent!
2019-04-21 16:20:27,074 [Worker-95] INFO  o.e.m.c.i.embedder.EclipseLogger - Copying 0 resource
2019-04-21 16:20:27,075 [Worker-95] WARN  o.e.m.c.i.embedder.EclipseLogger - Using platform encoding (GBK actually) to copy filtered resources, i.e. build is platform dependent!
2019-04-21 16:20:27,076 [Worker-95] INFO  o.e.m.c.i.embedder.EclipseLogger - Copying 0 resource
2019-04-21 16:20:27,076 [Worker-95] INFO  o.e.m.w.i.f.ResourceFilteringBuildParticipant - Changed resources require a complete clean of filtered resources of WebProjct02
2019-04-21 16:20:27,076 [Worker-95] INFO  o.e.m.w.i.f.ResourceFilteringBuildParticipant - Executing resource filtering for WebProjct02
2019-04-21 16:20:27,085 [Worker-95] WARN  o.e.m.c.i.embedder.EclipseLogger - Using platform encoding (GBK actually) to copy filtered resources, i.e. build is platform dependent!
2019-04-21 16:21:37,739 [Worker-88] INFO  o.e.m.c.i.l.LifecycleMappingFactory - Using org.maven.ide.eclipse.wtp.WarLifecycleMapping lifecycle mapping for MavenProject: com.zcw.web:WebProjct02:0.0.1-SNAPSHOT @ D:\JAVA\仓库\OSALS\201708044206张成文\WebProjct02\pom.xml.
2019-04-21 16:21:38,528 [Worker-88] WARN  o.e.m.c.i.embedder.EclipseLogger - Using platform encoding (GBK actually) to copy filtered resources, i.e. build is platform dependent!
2019-04-21 16:21:38,528 [Worker-88] INFO  o.e.m.c.i.embedder.EclipseLogger - Copying 0 resource
2019-04-21 16:21:38,529 [Worker-88] WARN  o.e.m.c.i.embedder.EclipseLogger - Using platform encoding (GBK actually) to copy filtered resources, i.e. build is platform dependent!
2019-04-21 16:21:38,530 [Worker-88] INFO  o.e.m.c.i.embedder.EclipseLogger - Copying 0 resource
2019-04-21 16:21:38,531 [Worker-88] INFO  o.e.m.w.i.f.ResourceFilteringBuildParticipant - Changed resources require a complete clean of filtered resources of WebProjct02
2019-04-21 16:21:38,531 [Worker-88] INFO  o.e.m.w.i.f.ResourceFilteringBuildParticipant - Executing resource filtering for WebProjct02
2019-04-21 16:21:38,534 [Worker-88] WARN  o.e.m.c.i.embedder.EclipseLogger - Using platform encoding (GBK actually) to copy filtered resources, i.e. build is platform dependent!
2019-04-21 16:25:44,861 [main] INFO  o.e.m2e.actions.ExecutePomAction - Creating new launch configuration
2019-04-21 16:26:19,624 [Worker-88] INFO  o.e.m.c.i.l.LifecycleMappingFactory - Using org.maven.ide.eclipse.wtp.WarLifecycleMapping lifecycle mapping for MavenProject: com.zcw.web:WebProjct02:0.0.1-SNAPSHOT @ D:\JAVA\仓库\OSALS\201708044206张成文\WebProjct02\pom.xml.
2019-04-21 16:26:20,259 [Worker-95] INFO  o.e.m.i.launch.MavenLaunchDelegate - D:\JAVA\仓库\OSALS\201708044206张成文\WebProjct02
2019-04-21 16:26:20,259 [Worker-95] INFO  o.e.m.i.launch.MavenLaunchDelegate -  mvn  -B -s D:\JAVA\apache-maven-3.6.1\conf\settings.xml deploy
2019-04-21 16:26:20,466 [Worker-88] WARN  o.e.m.c.i.embedder.EclipseLogger - Using platform encoding (GBK actually) to copy filtered resources, i.e. build is platform dependent!
2019-04-21 16:26:20,467 [Worker-88] INFO  o.e.m.c.i.embedder.EclipseLogger - Copying 0 resource
2019-04-21 16:26:20,468 [Worker-88] WARN  o.e.m.c.i.embedder.EclipseLogger - Using platform encoding (GBK actually) to copy filtered resources, i.e. build is platform dependent!
2019-04-21 16:26:20,470 [Worker-88] INFO  o.e.m.c.i.embedder.EclipseLogger - Copying 0 resource
2019-04-21 16:26:20,471 [Worker-88] INFO  o.e.m.w.i.f.ResourceFilteringBuildParticipant - Changed resources require a complete clean of filtered resources of WebProjct02
2019-04-21 16:26:20,471 [Worker-88] INFO  o.e.m.w.i.f.ResourceFilteringBuildParticipant - Executing resource filtering for WebProjct02
2019-04-21 16:26:20,474 [Worker-88] WARN  o.e.m.c.i.embedder.EclipseLogger - Using platform encoding (GBK actually) to copy filtered resources, i.e. build is platform dependent!
