[DEBUG] 2019-04-14 10:02:52,704 [org.apache.ibatis.logging.LogFactory:org.apache.ibatis.logging.LogFactory.setImplementation(LogFactory.java:105)] Logging initialized using 'class org.apache.ibatis.logging.log4j.Log4jImpl' adapter.
[DEBUG] 2019-04-14 10:02:52,732 [org.apache.ibatis.datasource.pooled.PooledDataSource:org.apache.ibatis.datasource.pooled.PooledDataSource.forceCloseAll(PooledDataSource.java:334)] PooledDataSource forcefully closed/removed all connections.
[DEBUG] 2019-04-14 10:02:52,733 [org.apache.ibatis.datasource.pooled.PooledDataSource:org.apache.ibatis.datasource.pooled.PooledDataSource.forceCloseAll(PooledDataSource.java:334)] PooledDataSource forcefully closed/removed all connections.
[DEBUG] 2019-04-14 10:02:52,733 [org.apache.ibatis.datasource.pooled.PooledDataSource:org.apache.ibatis.datasource.pooled.PooledDataSource.forceCloseAll(PooledDataSource.java:334)] PooledDataSource forcefully closed/removed all connections.
[DEBUG] 2019-04-14 10:02:52,734 [org.apache.ibatis.datasource.pooled.PooledDataSource:org.apache.ibatis.datasource.pooled.PooledDataSource.forceCloseAll(PooledDataSource.java:334)] PooledDataSource forcefully closed/removed all connections.
[DEBUG] 2019-04-14 10:02:52,853 [org.apache.ibatis.transaction.jdbc.JdbcTransaction:org.apache.ibatis.transaction.jdbc.JdbcTransaction.openConnection(JdbcTransaction.java:136)] Opening JDBC Connection
[DEBUG] 2019-04-14 10:03:42,439 [org.apache.ibatis.logging.LogFactory:org.apache.ibatis.logging.LogFactory.setImplementation(LogFactory.java:105)] Logging initialized using 'class org.apache.ibatis.logging.log4j.Log4jImpl' adapter.
[DEBUG] 2019-04-14 10:03:42,453 [org.apache.ibatis.datasource.pooled.PooledDataSource:org.apache.ibatis.datasource.pooled.PooledDataSource.forceCloseAll(PooledDataSource.java:334)] PooledDataSource forcefully closed/removed all connections.
[DEBUG] 2019-04-14 10:03:42,453 [org.apache.ibatis.datasource.pooled.PooledDataSource:org.apache.ibatis.datasource.pooled.PooledDataSource.forceCloseAll(PooledDataSource.java:334)] PooledDataSource forcefully closed/removed all connections.
[DEBUG] 2019-04-14 10:03:42,454 [org.apache.ibatis.datasource.pooled.PooledDataSource:org.apache.ibatis.datasource.pooled.PooledDataSource.forceCloseAll(PooledDataSource.java:334)] PooledDataSource forcefully closed/removed all connections.
[DEBUG] 2019-04-14 10:03:42,454 [org.apache.ibatis.datasource.pooled.PooledDataSource:org.apache.ibatis.datasource.pooled.PooledDataSource.forceCloseAll(PooledDataSource.java:334)] PooledDataSource forcefully closed/removed all connections.
[DEBUG] 2019-04-14 10:03:42,553 [org.apache.ibatis.transaction.jdbc.JdbcTransaction:org.apache.ibatis.transaction.jdbc.JdbcTransaction.openConnection(JdbcTransaction.java:136)] Opening JDBC Connection
[DEBUG] 2019-04-14 10:03:46,273 [org.apache.ibatis.datasource.pooled.PooledDataSource:org.apache.ibatis.datasource.pooled.PooledDataSource.popConnection(PooledDataSource.java:405)] Created connection 1201484275.
[DEBUG] 2019-04-14 10:03:46,273 [org.apache.ibatis.transaction.jdbc.JdbcTransaction:org.apache.ibatis.transaction.jdbc.JdbcTransaction.setDesiredAutoCommit(JdbcTransaction.java:100)] Setting autocommit to false on JDBC Connection [com.mysql.jdbc.JDBC4Connection@479d31f3]
[DEBUG] 2019-04-14 10:03:46,289 [edu.zut.cs.software.mybatis.dao.EmployeeMapper.getEmpById:org.apache.ibatis.logging.jdbc.BaseJdbcLogger.debug(BaseJdbcLogger.java:143)] ==>  Preparing: select id,last_name lastName,gender,email from tbl_employee where id = ? 
[DEBUG] 2019-04-14 10:03:46,329 [edu.zut.cs.software.mybatis.dao.EmployeeMapper.getEmpById:org.apache.ibatis.logging.jdbc.BaseJdbcLogger.debug(BaseJdbcLogger.java:143)] ==> Parameters: 1(Integer)
[DEBUG] 2019-04-14 10:03:46,345 [edu.zut.cs.software.mybatis.dao.EmployeeMapper.getEmpById:org.apache.ibatis.logging.jdbc.BaseJdbcLogger.debug(BaseJdbcLogger.java:143)] <==      Total: 1
[DEBUG] 2019-04-14 10:03:46,345 [org.apache.ibatis.transaction.jdbc.JdbcTransaction:org.apache.ibatis.transaction.jdbc.JdbcTransaction.resetAutoCommit(JdbcTransaction.java:122)] Resetting autocommit to true on JDBC Connection [com.mysql.jdbc.JDBC4Connection@479d31f3]
[DEBUG] 2019-04-14 10:03:46,352 [org.apache.ibatis.transaction.jdbc.JdbcTransaction:org.apache.ibatis.transaction.jdbc.JdbcTransaction.close(JdbcTransaction.java:90)] Closing JDBC Connection [com.mysql.jdbc.JDBC4Connection@479d31f3]
[DEBUG] 2019-04-14 10:03:46,352 [org.apache.ibatis.datasource.pooled.PooledDataSource:org.apache.ibatis.datasource.pooled.PooledDataSource.pushConnection(PooledDataSource.java:362)] Returned connection 1201484275 to pool.
